Logged by TraceLocation gem at 2019-06-08 01:38:53 +0900
https://github.com/yhirano55/trace_location

[Tracing events] C: Call, R: Return

C vendor/bundle/gems/actionpack-5.2.3/lib/action_controller/metal/instrumentation.rb:43 [ActionController::Instrumentation#render]
  C vendor/bundle/gems/activerecord-5.2.3/lib/active_record/railties/controller_runtime.rb:27 [ActiveRecord::Railties::ControllerRuntime#cleanup_view_runtime]
    C vendor/bundle/gems/activerecord-5.2.3/lib/active_record/connection_handling.rb:122 [ActiveRecord::ConnectionHandling.connected?]
      C vendor/bundle/gems/activerecord-5.2.3/lib/active_record/core.rb:130 [ActiveRecord::Base.connection_handler]
        C vendor/bundle/gems/activerecord-5.2.3/lib/active_record/runtime_registry.rb:20 [ActiveRecord::RuntimeRegistry.connection_handler]
        R vendor/bundle/gems/activerecord-5.2.3/lib/active_record/runtime_registry.rb:20 [ActiveRecord::RuntimeRegistry.connection_handler]
      R vendor/bundle/gems/activerecord-5.2.3/lib/active_record/core.rb:131 [ActiveRecord::Base.default_connection_handler]
      R vendor/bundle/gems/activerecord-5.2.3/lib/active_record/core.rb:132 [ActiveRecord::Base.connection_handler]
      C vendor/bundle/gems/activerecord-5.2.3/lib/active_record/connection_handling.rb:96 [ActiveRecord::ConnectionHandling.connection_specification_name]
      R vendor/bundle/gems/activerecord-5.2.3/lib/active_record/connection_handling.rb:101 [ActiveRecord::ConnectionHandling.connection_specification_name]
      C vendor/bundle/gems/activerecord-5.2.3/lib/active_record/connection_adapters/abstract/connection_pool.rb:1019 [ActiveRecord::ConnectionAdapters::ConnectionHandler#connected?]
        C vendor/bundle/gems/activerecord-5.2.3/lib/active_record/connection_adapters/abstract/connection_pool.rb:1039 [ActiveRecord::ConnectionAdapters::ConnectionHandler#retrieve_connection_pool]
          C vendor/bundle/gems/activerecord-5.2.3/lib/active_record/connection_adapters/abstract/connection_pool.rb:1058 [ActiveRecord::ConnectionAdapters::ConnectionHandler#owner_to_pool]
          R vendor/bundle/gems/activerecord-5.2.3/lib/active_record/connection_adapters/abstract/connection_pool.rb:1060 [ActiveRecord::ConnectionAdapters::ConnectionHandler#owner_to_pool]
        R vendor/bundle/gems/activerecord-5.2.3/lib/active_record/connection_adapters/abstract/connection_pool.rb:1054 [ActiveRecord::ConnectionAdapters::ConnectionHandler#retrieve_connection_pool]
        C vendor/bundle/gems/activerecord-5.2.3/lib/active_record/connection_adapters/abstract/connection_pool.rb:422 [ActiveRecord::ConnectionAdapters::ConnectionPool#connected?]
        R vendor/bundle/gems/activerecord-5.2.3/lib/active_record/connection_adapters/abstract/connection_pool.rb:424 [ActiveRecord::ConnectionAdapters::ConnectionPool#connected?]
      R vendor/bundle/gems/activerecord-5.2.3/lib/active_record/connection_adapters/abstract/connection_pool.rb:1022 [ActiveRecord::ConnectionAdapters::ConnectionHandler#connected?]
    R vendor/bundle/gems/activerecord-5.2.3/lib/active_record/connection_handling.rb:124 [ActiveRecord::ConnectionHandling.connected?]
    C vendor/bundle/gems/activerecord-5.2.3/lib/active_record/log_subscriber.rb:15 [ActiveRecord::LogSubscriber.reset_runtime]
      C vendor/bundle/gems/activerecord-5.2.3/lib/active_record/log_subscriber.rb:11 [ActiveRecord::LogSubscriber.runtime]
        C vendor/bundle/gems/activerecord-5.2.3/lib/active_record/runtime_registry.rb:20 [ActiveRecord::RuntimeRegistry.sql_runtime]
        R vendor/bundle/gems/activerecord-5.2.3/lib/active_record/runtime_registry.rb:20 [ActiveRecord::RuntimeRegistry.sql_runtime]
      R vendor/bundle/gems/activerecord-5.2.3/lib/active_record/log_subscriber.rb:13 [ActiveRecord::LogSubscriber.runtime]
      C vendor/bundle/gems/activerecord-5.2.3/lib/active_record/log_subscriber.rb:7 [ActiveRecord::LogSubscriber.runtime=]
        C vendor/bundle/gems/activerecord-5.2.3/lib/active_record/runtime_registry.rb:21 [ActiveRecord::RuntimeRegistry.sql_runtime=]
        R vendor/bundle/gems/activerecord-5.2.3/lib/active_record/runtime_registry.rb:21 [ActiveRecord::RuntimeRegistry.sql_runtime=]
      R vendor/bundle/gems/activerecord-5.2.3/lib/active_record/log_subscriber.rb:9 [ActiveRecord::LogSubscriber.runtime=]
    R vendor/bundle/gems/activerecord-5.2.3/lib/active_record/log_subscriber.rb:18 [ActiveRecord::LogSubscriber.reset_runtime]
    C vendor/bundle/gems/actionpack-5.2.3/lib/action_controller/metal/instrumentation.rb:86 [ActiveRecord::Railties::ControllerRuntime#cleanup_view_runtime]
      C vendor/bundle/gems/actionpack-5.2.3/lib/action_controller/metal/rendering.rb:34 [ActionController::Instrumentation#render]
        C vendor/bundle/gems/actionpack-5.2.3/lib/abstract_controller/rendering.rb:23 [ActionController::Instrumentation#render]
          C vendor/bundle/gems/actionpack-5.2.3/lib/abstract_controller/rendering.rb:116 [AbstractController::Rendering#_normalize_render]
            C vendor/bundle/gems/actionpack-5.2.3/lib/action_controller/metal/rendering.rb:82 [ActionController::Rendering#_normalize_args]
              C vendor/bundle/gems/actionpack-5.2.3/lib/abstract_controller/rendering.rb:78 [ActionController::Rendering#_normalize_args]
              R vendor/bundle/gems/actionpack-5.2.3/lib/abstract_controller/rendering.rb:90 [ActionController::Rendering#_normalize_args]
            R vendor/bundle/gems/actionpack-5.2.3/lib/action_controller/metal/rendering.rb:86 [ActionController::Rendering#_normalize_args]
            C vendor/bundle/gems/actionpack-5.2.3/lib/action_controller/metal/rendering.rb:57 [ActionController::Rendering#_process_variant]
              C vendor/bundle/gems/actionpack-5.2.3/lib/action_dispatch/http/mime_negotiation.rb:100 [ActionDispatch::Http::MimeNegotiation#variant]
              R vendor/bundle/gems/actionpack-5.2.3/lib/action_dispatch/http/mime_negotiation.rb:102 [ActionDispatch::Http::MimeNegotiation#variant]
            R vendor/bundle/gems/actionpack-5.2.3/lib/action_controller/metal/rendering.rb:61 [ActionController::Rendering#_process_variant]
            C vendor/bundle/gems/actionpack-5.2.3/lib/action_controller/metal/rendering.rb:89 [ActionController::Rendering#_normalize_options]
              C vendor/bundle/gems/actionpack-5.2.3/lib/action_controller/metal/rendering.rb:103 [ActionController::Rendering#_normalize_text]
              R vendor/bundle/gems/actionpack-5.2.3/lib/action_controller/metal/rendering.rb:109 [ActionController::Rendering#_normalize_text]
              C vendor/bundle/gems/actionpack-5.2.3/lib/abstract_controller/rendering.rb:93 [ActionController::Rendering#_normalize_options]
              R vendor/bundle/gems/actionpack-5.2.3/lib/abstract_controller/rendering.rb:95 [ActionController::Rendering#_normalize_options]
            R vendor/bundle/gems/actionpack-5.2.3/lib/action_controller/metal/rendering.rb:101 [ActionController::Rendering#_normalize_options]
          R vendor/bundle/gems/actionpack-5.2.3/lib/abstract_controller/rendering.rb:121 [AbstractController::Rendering#_normalize_render]
          C vendor/bundle/gems/actionpack-5.2.3/lib/action_controller/metal/renderers.rb:141 [ActionController::Renderers#render_to_body]
            C vendor/bundle/gems/actionpack-5.2.3/lib/action_controller/metal/renderers.rb:145 [ActionController::Renderers#_render_to_body_with_renderer]
            R vendor/bundle/gems/actionpack-5.2.3/lib/action_controller/metal/renderers.rb:146 [ActionController::API#_renderers]
            C vendor/bundle/gems/actionpack-5.2.3/lib/action_controller/metal/rendering.rb:112 [ActionController::Rendering#_process_options]
              C vendor/bundle/gems/actionpack-5.2.3/lib/abstract_controller/rendering.rb:98 [ActionController::Rendering#_process_options]
              R vendor/bundle/gems/actionpack-5.2.3/lib/abstract_controller/rendering.rb:100 [ActionController::Rendering#_process_options]
            R vendor/bundle/gems/actionpack-5.2.3/lib/action_controller/metal/rendering.rb:120 [ActionController::Rendering#_process_options]
            C vendor/bundle/gems/actionpack-5.2.3/lib/action_controller/metal/renderers.rb:91 [ActionController::Renderers._render_with_renderer_method_name]
            R vendor/bundle/gems/actionpack-5.2.3/lib/action_controller/metal/renderers.rb:93 [ActionController::Renderers._render_with_renderer_method_name]
            C vendor/bundle/gems/actionpack-5.2.3/lib/action_controller/metal/renderers.rb:156 [ActionController::Renderers#_render_with_renderer_json]
              C vendor/bundle/gems/activerecord-5.2.3/lib/active_record/relation/delegation.rb:71 [ActiveRecord::Delegation#as_json]
                C vendor/bundle/gems/activerecord-5.2.3/lib/active_record/relation.rb:199 [ActiveRecord::Relation#records]
                  C vendor/bundle/gems/activerecord-5.2.3/lib/active_record/relation.rb:421 [ActiveRecord::Relation#load]
                    C vendor/bundle/gems/activerecord-5.2.3/lib/active_record/relation.rb:546 [ActiveRecord::Relation#exec_queries]
                      C vendor/bundle/gems/activerecord-5.2.3/lib/active_record/relation.rb:578 [ActiveRecord::Relation#skip_query_cache_if_necessary]
                        C vendor/bundle/gems/activerecord-5.2.3/lib/active_record/relation/query_methods.rb:69 [ActiveRecord::QueryMethods#skip_query_cache_value]
                          C vendor/bundle/gems/activerecord-5.2.3/lib/active_record/relation/query_methods.rb:907 [ActiveRecord::QueryMethods#get_value]
                          R vendor/bundle/gems/activerecord-5.2.3/lib/active_record/relation/query_methods.rb:909 [ActiveRecord::QueryMethods#get_value]
                        R vendor/bundle/gems/activerecord-5.2.3/lib/active_record/relation/query_methods.rb:71 [ActiveRecord::QueryMethods#skip_query_cache_value]
                        C vendor/bundle/gems/activerecord-5.2.3/lib/active_record/relation.rb:472 [ActiveRecord::Relation#eager_loading?]
                          C vendor/bundle/gems/activerecord-5.2.3/lib/active_record/relation/query_methods.rb:69 [ActiveRecord::QueryMethods#eager_load_values]
                            C vendor/bundle/gems/activerecord-5.2.3/lib/active_record/relation/query_methods.rb:907 [ActiveRecord::QueryMethods#get_value]
                            R vendor/bundle/gems/activerecord-5.2.3/lib/active_record/relation/query_methods.rb:909 [ActiveRecord::QueryMethods#get_value]
                          R vendor/bundle/gems/activerecord-5.2.3/lib/active_record/relation/query_methods.rb:71 [ActiveRecord::QueryMethods#eager_load_values]
                          C vendor/bundle/gems/activerecord-5.2.3/lib/active_record/relation/query_methods.rb:69 [ActiveRecord::QueryMethods#includes_values]
                            C vendor/bundle/gems/activerecord-5.2.3/lib/active_record/relation/query_methods.rb:907 [ActiveRecord::QueryMethods#get_value]
                            R vendor/bundle/gems/activerecord-5.2.3/lib/active_record/relation/query_methods.rb:909 [ActiveRecord::QueryMethods#get_value]
                          R vendor/bundle/gems/activerecord-5.2.3/lib/active_record/relation/query_methods.rb:71 [ActiveRecord::QueryMethods#includes_values]
                        R vendor/bundle/gems/activerecord-5.2.3/lib/active_record/relation.rb:476 [ActiveRecord::Relation#eager_loading?]
                        C vendor/bundle/gems/activerecord-5.2.3/lib/active_record/relation/query_methods.rb:902 [ActiveRecord::QueryMethods#arel]
                          C vendor/bundle/gems/activerecord-5.2.3/lib/active_record/relation/query_methods.rb:926 [ActiveRecord::QueryMethods#build_arel]
                            C vendor/bundle/gems/arel-9.0.0/lib/arel/select_manager.rb:10 [Arel::SelectManager#initialize]
                              C vendor/bundle/gems/arel-9.0.0/lib/arel/tree_manager.rb:10 [Arel::SelectManager#initialize]
                              R vendor/bundle/gems/arel-9.0.0/lib/arel/tree_manager.rb:12 [Arel::SelectManager#initialize]
                              C vendor/bundle/gems/arel-9.0.0/lib/arel/nodes/select_core.rb:8 [Arel::Nodes::SelectCore#initialize]
                                C vendor/bundle/gems/arel-9.0.0/lib/arel/nodes/join_source.rb:10 [Arel::Nodes::JoinSource#initialize]
                                  C vendor/bundle/gems/arel-9.0.0/lib/arel/nodes/binary.rb:7 [Arel::Nodes::JoinSource#initialize]
                                  R vendor/bundle/gems/arel-9.0.0/lib/arel/nodes/binary.rb:11 [Arel::Nodes::JoinSource#initialize]
                                R vendor/bundle/gems/arel-9.0.0/lib/arel/nodes/join_source.rb:12 [Arel::Nodes::JoinSource#initialize]
                              R vendor/bundle/gems/arel-9.0.0/lib/arel/nodes/select_core.rb:20 [Arel::Nodes::SelectCore#initialize]
                              C vendor/bundle/gems/arel-9.0.0/lib/arel/nodes/select_statement.rb:8 [Arel::Nodes::SelectStatement#initialize]
                              R vendor/bundle/gems/arel-9.0.0/lib/arel/nodes/select_statement.rb:16 [Arel::Nodes::SelectStatement#initialize]
                              C vendor/bundle/gems/arel-9.0.0/lib/arel/select_manager.rb:88 [Arel::SelectManager#from]
                            R vendor/bundle/gems/arel-9.0.0/lib/arel/select_manager.rb:15 [Arel::SelectManager#initialize]
                            C vendor/bundle/gems/activerecord-5.2.3/lib/active_record/relation/query_methods.rb:69 [ActiveRecord::QueryMethods#joins_values]
                              C vendor/bundle/gems/activerecord-5.2.3/lib/active_record/relation/query_methods.rb:907 [ActiveRecord::QueryMethods#get_value]
                              R vendor/bundle/gems/activerecord-5.2.3/lib/active_record/relation/query_methods.rb:909 [ActiveRecord::QueryMethods#get_value]
                            R vendor/bundle/gems/activerecord-5.2.3/lib/active_record/relation/query_methods.rb:71 [ActiveRecord::QueryMethods#joins_values]
                            C vendor/bundle/gems/activerecord-5.2.3/lib/active_record/relation/query_methods.rb:69 [ActiveRecord::QueryMethods#left_outer_joins_values]
                              C vendor/bundle/gems/activerecord-5.2.3/lib/active_record/relation/query_methods.rb:907 [ActiveRecord::QueryMethods#get_value]
                              R vendor/bundle/gems/activerecord-5.2.3/lib/active_record/relation/query_methods.rb:909 [ActiveRecord::QueryMethods#get_value]
                            R vendor/bundle/gems/activerecord-5.2.3/lib/active_record/relation/query_methods.rb:71 [ActiveRecord::QueryMethods#left_outer_joins_values]
                            C vendor/bundle/gems/activerecord-5.2.3/lib/active_record/relation/query_methods.rb:69 [ActiveRecord::QueryMethods#where_clause]
                              C vendor/bundle/gems/activerecord-5.2.3/lib/active_record/relation/query_methods.rb:907 [ActiveRecord::QueryMethods#get_value]
                              R vendor/bundle/gems/activerecord-5.2.3/lib/active_record/relation/query_methods.rb:909 [ActiveRecord::QueryMethods#get_value]
                            R vendor/bundle/gems/activerecord-5.2.3/lib/active_record/relation/query_methods.rb:71 [ActiveRecord::QueryMethods#where_clause]
                            C vendor/bundle/gems/activerecord-5.2.3/lib/active_record/relation/where_clause.rb:6 [ActiveRecord::Relation::WhereClause#empty?]
                            R vendor/bundle/gems/activerecord-5.2.3/lib/active_record/relation/where_clause.rb:6 [ActiveRecord::Relation::WhereClause#empty?]
                            C vendor/bundle/gems/activerecord-5.2.3/lib/active_record/relation/query_methods.rb:69 [ActiveRecord::QueryMethods#having_clause]
                              C vendor/bundle/gems/activerecord-5.2.3/lib/active_record/relation/query_methods.rb:907 [ActiveRecord::QueryMethods#get_value]
                              R vendor/bundle/gems/activerecord-5.2.3/lib/active_record/relation/query_methods.rb:909 [ActiveRecord::QueryMethods#get_value]
                            R vendor/bundle/gems/activerecord-5.2.3/lib/active_record/relation/query_methods.rb:71 [ActiveRecord::QueryMethods#having_clause]
                            C vendor/bundle/gems/activerecord-5.2.3/lib/active_record/relation/where_clause.rb:6 [ActiveRecord::Relation::WhereClause#empty?]
                            R vendor/bundle/gems/activerecord-5.2.3/lib/active_record/relation/where_clause.rb:6 [ActiveRecord::Relation::WhereClause#empty?]
                            C vendor/bundle/gems/activerecord-5.2.3/lib/active_record/relation/query_methods.rb:69 [ActiveRecord::QueryMethods#limit_value]
                              C vendor/bundle/gems/activerecord-5.2.3/lib/active_record/relation/query_methods.rb:907 [ActiveRecord::QueryMethods#get_value]
                              R vendor/bundle/gems/activerecord-5.2.3/lib/active_record/relation/query_methods.rb:909 [ActiveRecord::QueryMethods#get_value]
                            R vendor/bundle/gems/activerecord-5.2.3/lib/active_record/relation/query_methods.rb:71 [ActiveRecord::QueryMethods#limit_value]
                            C vendor/bundle/gems/activerecord-5.2.3/lib/active_record/relation/query_methods.rb:69 [ActiveRecord::QueryMethods#offset_value]
                              C vendor/bundle/gems/activerecord-5.2.3/lib/active_record/relation/query_methods.rb:907 [ActiveRecord::QueryMethods#get_value]
                              R vendor/bundle/gems/activerecord-5.2.3/lib/active_record/relation/query_methods.rb:909 [ActiveRecord::QueryMethods#get_value]
                            R vendor/bundle/gems/activerecord-5.2.3/lib/active_record/relation/query_methods.rb:71 [ActiveRecord::QueryMethods#offset_value]
                            C vendor/bundle/gems/activerecord-5.2.3/lib/active_record/relation/query_methods.rb:69 [ActiveRecord::QueryMethods#group_values]
                              C vendor/bundle/gems/activerecord-5.2.3/lib/active_record/relation/query_methods.rb:907 [ActiveRecord::QueryMethods#get_value]
                              R vendor/bundle/gems/activerecord-5.2.3/lib/active_record/relation/query_methods.rb:909 [ActiveRecord::QueryMethods#get_value]
                            R vendor/bundle/gems/activerecord-5.2.3/lib/active_record/relation/query_methods.rb:71 [ActiveRecord::QueryMethods#group_values]
                            C vendor/bundle/gems/activerecord-5.2.3/lib/active_record/relation/query_methods.rb:1121 [ActiveRecord::QueryMethods#build_order]
                              C vendor/bundle/gems/activerecord-5.2.3/lib/active_record/relation/query_methods.rb:69 [ActiveRecord::QueryMethods#order_values]
                                C vendor/bundle/gems/activerecord-5.2.3/lib/active_record/relation/query_methods.rb:907 [ActiveRecord::QueryMethods#get_value]
                                R vendor/bundle/gems/activerecord-5.2.3/lib/active_record/relation/query_methods.rb:909 [ActiveRecord::QueryMethods#get_value]
                              R vendor/bundle/gems/activerecord-5.2.3/lib/active_record/relation/query_methods.rb:71 [ActiveRecord::QueryMethods#order_values]
                            R vendor/bundle/gems/activerecord-5.2.3/lib/active_record/relation/query_methods.rb:1126 [ActiveRecord::QueryMethods#build_order]
                            C vendor/bundle/gems/activerecord-5.2.3/lib/active_record/relation/query_methods.rb:1042 [ActiveRecord::QueryMethods#build_select]
                              C vendor/bundle/gems/activerecord-5.2.3/lib/active_record/relation/query_methods.rb:69 [ActiveRecord::QueryMethods#select_values]
                                C vendor/bundle/gems/activerecord-5.2.3/lib/active_record/relation/query_methods.rb:907 [ActiveRecord::QueryMethods#get_value]
                                R vendor/bundle/gems/activerecord-5.2.3/lib/active_record/relation/query_methods.rb:909 [ActiveRecord::QueryMethods#get_value]
                              R vendor/bundle/gems/activerecord-5.2.3/lib/active_record/relation/query_methods.rb:71 [ActiveRecord::QueryMethods#select_values]
                              C vendor/bundle/gems/activerecord-5.2.3/lib/active_record/model_schema.rb:264 [ActiveRecord::ModelSchema::ClassMethods.ignored_columns]
                                C vendor/bundle/gems/activerecord-5.2.3/lib/active_record/model_schema.rb:264 [ActiveRecord::ModelSchema::ClassMethods.ignored_columns]
                                  C vendor/bundle/gems/activerecord-5.2.3/lib/active_record/model_schema.rb:264 [ActiveRecord::ModelSchema::ClassMethods.ignored_columns]
                                  R vendor/bundle/gems/activerecord-5.2.3/lib/active_record/model_schema.rb:270 [ActiveRecord::ModelSchema::ClassMethods.ignored_columns]
                                  R vendor/bundle/gems/activerecord-5.2.3/lib/active_record/model_schema.rb:270 [ActiveRecord::ModelSchema::ClassMethods.ignored_columns]
                              R vendor/bundle/gems/activerecord-5.2.3/lib/active_record/model_schema.rb:270 [ActiveRecord::ModelSchema::ClassMethods.ignored_columns]
                              C vendor/bundle/gems/arel-9.0.0/lib/arel.rb:33 [Arel.star]
                                C vendor/bundle/gems/arel-9.0.0/lib/arel.rb:29 [Arel.sql]
                                R vendor/bundle/gems/arel-9.0.0/lib/arel.rb:31 [Arel.sql]
                              R vendor/bundle/gems/arel-9.0.0/lib/arel.rb:35 [Arel.star]
                              C vendor/bundle/gems/arel-9.0.0/lib/arel/table.rb:80 [Arel::Table#[]]
                              R vendor/bundle/gems/arel-9.0.0/lib/arel/table.rb:82 [Arel::Table#[]]
                              C vendor/bundle/gems/arel-9.0.0/lib/arel/select_manager.rb:133 [Arel::SelectManager#project]
                              R vendor/bundle/gems/arel-9.0.0/lib/arel/select_manager.rb:140 [Arel::SelectManager#project]
                            R vendor/bundle/gems/activerecord-5.2.3/lib/active_record/relation/query_methods.rb:1050 [ActiveRecord::QueryMethods#build_select]
                            C vendor/bundle/gems/activerecord-5.2.3/lib/active_record/relation/query_methods.rb:69 [ActiveRecord::QueryMethods#distinct_value]
                              C vendor/bundle/gems/activerecord-5.2.3/lib/active_record/relation/query_methods.rb:907 [ActiveRecord::QueryMethods#get_value]
                              R vendor/bundle/gems/activerecord-5.2.3/lib/active_record/relation/query_methods.rb:909 [ActiveRecord::QueryMethods#get_value]
                            R vendor/bundle/gems/activerecord-5.2.3/lib/active_record/relation/query_methods.rb:71 [ActiveRecord::QueryMethods#distinct_value]
                            C vendor/bundle/gems/arel-9.0.0/lib/arel/select_manager.rb:150 [Arel::SelectManager#distinct]
                            R vendor/bundle/gems/arel-9.0.0/lib/arel/select_manager.rb:157 [Arel::SelectManager#distinct]
                            C vendor/bundle/gems/activerecord-5.2.3/lib/active_record/relation/query_methods.rb:69 [ActiveRecord::QueryMethods#from_clause]
                              C vendor/bundle/gems/activerecord-5.2.3/lib/active_record/relation/query_methods.rb:907 [ActiveRecord::QueryMethods#get_value]
                              R vendor/bundle/gems/activerecord-5.2.3/lib/active_record/relation/query_methods.rb:909 [ActiveRecord::QueryMethods#get_value]
                            R vendor/bundle/gems/activerecord-5.2.3/lib/active_record/relation/query_methods.rb:71 [ActiveRecord::QueryMethods#from_clause]
                            C vendor/bundle/gems/activerecord-5.2.3/lib/active_record/relation/from_clause.rb:17 [ActiveRecord::Relation::FromClause#empty?]
                            R vendor/bundle/gems/activerecord-5.2.3/lib/active_record/relation/from_clause.rb:19 [ActiveRecord::Relation::FromClause#empty?]
                            C vendor/bundle/gems/activerecord-5.2.3/lib/active_record/relation/query_methods.rb:69 [ActiveRecord::QueryMethods#lock_value]
                              C vendor/bundle/gems/activerecord-5.2.3/lib/active_record/relation/query_methods.rb:907 [ActiveRecord::QueryMethods#get_value]
                              R vendor/bundle/gems/activerecord-5.2.3/lib/active_record/relation/query_methods.rb:909 [ActiveRecord::QueryMethods#get_value]
                            R vendor/bundle/gems/activerecord-5.2.3/lib/active_record/relation/query_methods.rb:71 [ActiveRecord::QueryMethods#lock_value]
                          R vendor/bundle/gems/activerecord-5.2.3/lib/active_record/relation/query_methods.rb:961 [ActiveRecord::QueryMethods#build_arel]
                        R vendor/bundle/gems/activerecord-5.2.3/lib/active_record/relation/query_methods.rb:904 [ActiveRecord::QueryMethods#arel]
                        C vendor/bundle/gems/activerecord-5.2.3/lib/active_record/querying.rb:40 [ActiveRecord::Querying.find_by_sql]
                          C vendor/bundle/gems/activerecord-5.2.3/lib/active_record/connection_handling.rb:89 [ActiveRecord::ConnectionHandling.connection]
                            C vendor/bundle/gems/activerecord-5.2.3/lib/active_record/connection_handling.rb:117 [ActiveRecord::ConnectionHandling.retrieve_connection]
                              C vendor/bundle/gems/activerecord-5.2.3/lib/active_record/core.rb:130 [ActiveRecord::Base.connection_handler]
                                C vendor/bundle/gems/activerecord-5.2.3/lib/active_record/runtime_registry.rb:20 [ActiveRecord::RuntimeRegistry.connection_handler]
                                R vendor/bundle/gems/activerecord-5.2.3/lib/active_record/runtime_registry.rb:20 [ActiveRecord::RuntimeRegistry.connection_handler]
                              R vendor/bundle/gems/activerecord-5.2.3/lib/active_record/core.rb:131 [ActiveRecord::Base.default_connection_handler]
                              R vendor/bundle/gems/activerecord-5.2.3/lib/active_record/core.rb:132 [ActiveRecord::Base.connection_handler]
                              C vendor/bundle/gems/activerecord-5.2.3/lib/active_record/connection_handling.rb:96 [ActiveRecord::ConnectionHandling.connection_specification_name]
                                C vendor/bundle/gems/activerecord-5.2.3/lib/active_record/connection_handling.rb:96 [ActiveRecord::ConnectionHandling.connection_specification_name]
                                  C vendor/bundle/gems/activerecord-5.2.3/lib/active_record/connection_handling.rb:96 [ActiveRecord::ConnectionHandling.connection_specification_name]
                                  R vendor/bundle/gems/activerecord-5.2.3/lib/active_record/connection_handling.rb:101 [ActiveRecord::ConnectionHandling.connection_specification_name]
                                  R vendor/bundle/gems/activerecord-5.2.3/lib/active_record/connection_handling.rb:98 [ActiveRecord::ConnectionHandling.connection_specification_name]
                              R vendor/bundle/gems/activerecord-5.2.3/lib/active_record/connection_handling.rb:98 [ActiveRecord::ConnectionHandling.connection_specification_name]
                              C vendor/bundle/gems/activerecord-5.2.3/lib/active_record/connection_adapters/abstract/connection_pool.rb:1011 [ActiveRecord::ConnectionAdapters::ConnectionHandler#retrieve_connection]
                                C vendor/bundle/gems/activerecord-5.2.3/lib/active_record/connection_adapters/abstract/connection_pool.rb:1039 [ActiveRecord::ConnectionAdapters::ConnectionHandler#retrieve_connection_pool]
                                  C vendor/bundle/gems/activerecord-5.2.3/lib/active_record/connection_adapters/abstract/connection_pool.rb:1058 [ActiveRecord::ConnectionAdapters::ConnectionHandler#owner_to_pool]
                                  R vendor/bundle/gems/activerecord-5.2.3/lib/active_record/connection_adapters/abstract/connection_pool.rb:1060 [ActiveRecord::ConnectionAdapters::ConnectionHandler#owner_to_pool]
                                R vendor/bundle/gems/activerecord-5.2.3/lib/active_record/connection_adapters/abstract/connection_pool.rb:1054 [ActiveRecord::ConnectionAdapters::ConnectionHandler#retrieve_connection_pool]
                                C vendor/bundle/gems/activerecord-5.2.3/lib/active_record/connection_adapters/abstract/connection_pool.rb:381 [ActiveRecord::ConnectionAdapters::ConnectionPool#connection]
                                  C vendor/bundle/gems/activerecord-5.2.3/lib/active_record/connection_adapters/abstract/connection_pool.rb:667 [ActiveRecord::ConnectionAdapters::ConnectionPool#connection_cache_key]
                                  R vendor/bundle/gems/activerecord-5.2.3/lib/active_record/connection_adapters/abstract/connection_pool.rb:669 [ActiveRecord::ConnectionAdapters::ConnectionPool#connection_cache_key]
                                R vendor/bundle/gems/activerecord-5.2.3/lib/active_record/connection_adapters/abstract/connection_pool.rb:383 [ActiveRecord::ConnectionAdapters::ConnectionPool#connection]
                              R vendor/bundle/gems/activerecord-5.2.3/lib/active_record/connection_adapters/abstract/connection_pool.rb:1015 [ActiveRecord::ConnectionAdapters::ConnectionHandler#retrieve_connection]
                            R vendor/bundle/gems/activerecord-5.2.3/lib/active_record/connection_handling.rb:119 [ActiveRecord::ConnectionHandling.retrieve_connection]
                          R vendor/bundle/gems/activerecord-5.2.3/lib/active_record/connection_handling.rb:91 [ActiveRecord::ConnectionHandling.connection]
                          C vendor/bundle/gems/activerecord-5.2.3/lib/active_record/sanitization.rb:22 [ActiveRecord::Sanitization::ClassMethods.sanitize_sql_for_conditions]
                          R vendor/bundle/gems/activerecord-5.2.3/lib/active_record/sanitization.rb:29 [ActiveRecord::Sanitization::ClassMethods.sanitize_sql_for_conditions]
                          C vendor/bundle/gems/activerecord-5.2.3/lib/active_record/connection_adapters/abstract/query_cache.rb:95 [ActiveRecord::ConnectionAdapters::QueryCache#select_all]
                            C vendor/bundle/gems/activerecord-5.2.3/lib/active_record/connection_adapters/abstract/query_cache.rb:135 [ActiveRecord::ConnectionAdapters::QueryCache#locked?]
                              C vendor/bundle/gems/arel-9.0.0/lib/arel/select_manager.rb:68 [Arel::SelectManager#locked]
                              R vendor/bundle/gems/arel-9.0.0/lib/arel/select_manager.rb:70 [Arel::SelectManager#locked]
                            R vendor/bundle/gems/activerecord-5.2.3/lib/active_record/connection_adapters/abstract/query_cache.rb:138 [ActiveRecord::ConnectionAdapters::QueryCache#locked?]
                            C vendor/bundle/gems/activerecord-5.2.3/lib/active_record/connection_adapters/abstract/database_statements.rb:498 [ActiveRecord::ConnectionAdapters::DatabaseStatements#arel_from_relation]
                            R vendor/bundle/gems/activerecord-5.2.3/lib/active_record/connection_adapters/abstract/database_statements.rb:504 [ActiveRecord::ConnectionAdapters::DatabaseStatements#arel_from_relation]
                            C vendor/bundle/gems/activerecord-5.2.3/lib/active_record/connection_adapters/abstract/database_statements.rb:17 [ActiveRecord::ConnectionAdapters::DatabaseStatements#to_sql_and_binds]
                              C vendor/bundle/gems/activerecord-5.2.3/lib/active_record/connection_adapters/abstract_adapter.rb:609 [ActiveRecord::ConnectionAdapters::AbstractAdapter#collector]
                                C vendor/bundle/gems/arel-9.0.0/lib/arel/collectors/sql_string.rb:8 [Arel::Collectors::SQLString#initialize]
                                  C vendor/bundle/gems/arel-9.0.0/lib/arel/collectors/plain_string.rb:5 [Arel::Collectors::SQLString#initialize]
                                  R vendor/bundle/gems/arel-9.0.0/lib/arel/collectors/plain_string.rb:7 [Arel::Collectors::SQLString#initialize]
                                R vendor/bundle/gems/arel-9.0.0/lib/arel/collectors/sql_string.rb:11 [Arel::Collectors::SQLString#initialize]
                                C vendor/bundle/gems/arel-9.0.0/lib/arel/collectors/bind.rb:6 [Arel::Collectors::Bind#initialize]
                                R vendor/bundle/gems/arel-9.0.0/lib/arel/collectors/bind.rb:8 [Arel::Collectors::Bind#initialize]
                                C vendor/bundle/gems/arel-9.0.0/lib/arel/collectors/composite.rb:6 [Arel::Collectors::Composite#initialize]
                                R vendor/bundle/gems/arel-9.0.0/lib/arel/collectors/composite.rb:9 [Arel::Collectors::Composite#initialize]
                              R vendor/bundle/gems/activerecord-5.2.3/lib/active_record/connection_adapters/abstract_adapter.rb:621 [ActiveRecord::ConnectionAdapters::AbstractAdapter#collector]
                              C vendor/bundle/gems/activerecord-5.2.3/lib/active_record/connection_adapters/determine_if_preparable_visitor.rb:8 [ActiveRecord::ConnectionAdapters::DetermineIfPreparableVisitor#accept]
                                C vendor/bundle/gems/arel-9.0.0/lib/arel/visitors/reduce.rb:7 [ActiveRecord::ConnectionAdapters::DetermineIfPreparableVisitor#accept]
                                  C vendor/bundle/gems/arel-9.0.0/lib/arel/visitors/reduce.rb:13 [Arel::Visitors::Reduce#visit]
                                    C vendor/bundle/gems/arel-9.0.0/lib/arel/visitors/visitor.rb:25 [Arel::Visitors::Visitor#dispatch]
                                    R vendor/bundle/gems/arel-9.0.0/lib/arel/visitors/visitor.rb:27 [Arel::Visitors::Visitor#dispatch]
                                    C vendor/bundle/gems/arel-9.0.0/lib/arel/visitors/sqlite.rb:12 [Arel::Visitors::SQLite#visit_Arel_Nodes_SelectStatement]
                                      C vendor/bundle/gems/arel-9.0.0/lib/arel/visitors/to_sql.rb:210 [Arel::Visitors::SQLite#visit_Arel_Nodes_SelectStatement]
                                        C vendor/bundle/gems/arel-9.0.0/lib/arel/visitors/to_sql.rb:240 [Arel::Visitors::ToSql#visit_Arel_Nodes_SelectCore]
                                          C vendor/bundle/gems/arel-9.0.0/lib/arel/collectors/composite.rb:11 [Arel::Collectors::Composite#<<]
                                            C vendor/bundle/gems/arel-9.0.0/lib/arel/collectors/plain_string.rb:13 [Arel::Collectors::PlainString#<<]
                                            R vendor/bundle/gems/arel-9.0.0/lib/arel/collectors/plain_string.rb:16 [Arel::Collectors::PlainString#<<]
                                            C vendor/bundle/gems/arel-9.0.0/lib/arel/collectors/bind.rb:10 [Arel::Collectors::Bind#<<]
                                            R vendor/bundle/gems/arel-9.0.0/lib/arel/collectors/bind.rb:12 [Arel::Collectors::Bind#<<]
                                          R vendor/bundle/gems/arel-9.0.0/lib/arel/collectors/composite.rb:15 [Arel::Collectors::Composite#<<]
                                          C vendor/bundle/gems/arel-9.0.0/lib/arel/visitors/to_sql.rb:812 [Arel::Visitors::ToSql#maybe_visit]
                                          R vendor/bundle/gems/arel-9.0.0/lib/arel/visitors/to_sql.rb:813 [Arel::Visitors::ToSql#maybe_visit]
                                          C vendor/bundle/gems/arel-9.0.0/lib/arel/visitors/to_sql.rb:812 [Arel::Visitors::ToSql#maybe_visit]
                                          R vendor/bundle/gems/arel-9.0.0/lib/arel/visitors/to_sql.rb:813 [Arel::Visitors::ToSql#maybe_visit]
                                          C vendor/bundle/gems/arel-9.0.0/lib/arel/visitors/to_sql.rb:265 [Arel::Visitors::ToSql#collect_nodes_for]
                                            C vendor/bundle/gems/arel-9.0.0/lib/arel/collectors/composite.rb:11 [Arel::Collectors::Composite#<<]
                                              C vendor/bundle/gems/arel-9.0.0/lib/arel/collectors/plain_string.rb:13 [Arel::Collectors::PlainString#<<]
                                              R vendor/bundle/gems/arel-9.0.0/lib/arel/collectors/plain_string.rb:16 [Arel::Collectors::PlainString#<<]
                                              C vendor/bundle/gems/arel-9.0.0/lib/arel/collectors/bind.rb:10 [Arel::Collectors::Bind#<<]
                                              R vendor/bundle/gems/arel-9.0.0/lib/arel/collectors/bind.rb:12 [Arel::Collectors::Bind#<<]
                                            R vendor/bundle/gems/arel-9.0.0/lib/arel/collectors/composite.rb:15 [Arel::Collectors::Composite#<<]
                                            C vendor/bundle/gems/arel-9.0.0/lib/arel/visitors/reduce.rb:13 [Arel::Visitors::Reduce#visit]
                                              C vendor/bundle/gems/arel-9.0.0/lib/arel/visitors/visitor.rb:25 [Arel::Visitors::Visitor#dispatch]
                                              R vendor/bundle/gems/arel-9.0.0/lib/arel/visitors/visitor.rb:27 [Arel::Visitors::Visitor#dispatch]
                                              C vendor/bundle/gems/arel-9.0.0/lib/arel/visitors/to_sql.rb:727 [Arel::Visitors::ToSql#visit_Arel_Attributes_Attribute]
                                                C vendor/bundle/gems/arel-9.0.0/lib/arel/visitors/to_sql.rb:802 [Arel::Visitors::ToSql#quote_table_name]
                                                  C vendor/bundle/gems/activerecord-5.2.3/lib/active_record/connection_adapters/sqlite3/quoting.rb:15 [ActiveRecord::ConnectionAdapters::SQLite3::Quoting#quote_table_name]
                                                  R vendor/bundle/gems/activerecord-5.2.3/lib/active_record/connection_adapters/sqlite3/quoting.rb:17 [ActiveRecord::ConnectionAdapters::SQLite3::Quoting#quote_table_name]
                                                R vendor/bundle/gems/arel-9.0.0/lib/arel/visitors/to_sql.rb:805 [Arel::Visitors::ToSql#quote_table_name]
                                                C vendor/bundle/gems/arel-9.0.0/lib/arel/visitors/to_sql.rb:807 [Arel::Visitors::ToSql#quote_column_name]
                                                R vendor/bundle/gems/arel-9.0.0/lib/arel/visitors/to_sql.rb:808 [Arel::Visitors::ToSql#quote_column_name]
                                                C vendor/bundle/gems/arel-9.0.0/lib/arel/collectors/composite.rb:11 [Arel::Collectors::Composite#<<]
                                                  C vendor/bundle/gems/arel-9.0.0/lib/arel/collectors/plain_string.rb:13 [Arel::Collectors::PlainString#<<]
                                                  R vendor/bundle/gems/arel-9.0.0/lib/arel/collectors/plain_string.rb:16 [Arel::Collectors::PlainString#<<]
                                                  C vendor/bundle/gems/arel-9.0.0/lib/arel/collectors/bind.rb:10 [Arel::Collectors::Bind#<<]
                                                  R vendor/bundle/gems/arel-9.0.0/lib/arel/collectors/bind.rb:12 [Arel::Collectors::Bind#<<]
                                                R vendor/bundle/gems/arel-9.0.0/lib/arel/collectors/composite.rb:15 [Arel::Collectors::Composite#<<]
                                              R vendor/bundle/gems/arel-9.0.0/lib/arel/visitors/to_sql.rb:730 [Arel::Visitors::ToSql#visit_Arel_Attributes_Attribute]
                                            R vendor/bundle/gems/arel-9.0.0/lib/arel/visitors/reduce.rb:24 [Arel::Visitors::Reduce#visit]
                                          R vendor/bundle/gems/arel-9.0.0/lib/arel/visitors/to_sql.rb:274 [Arel::Visitors::ToSql#collect_nodes_for]
                                          C vendor/bundle/gems/arel-9.0.0/lib/arel/nodes/join_source.rb:14 [Arel::Nodes::JoinSource#empty?]
                                          R vendor/bundle/gems/arel-9.0.0/lib/arel/nodes/join_source.rb:16 [Arel::Nodes::JoinSource#empty?]
                                          C vendor/bundle/gems/arel-9.0.0/lib/arel/collectors/composite.rb:11 [Arel::Collectors::Composite#<<]
                                            C vendor/bundle/gems/arel-9.0.0/lib/arel/collectors/plain_string.rb:13 [Arel::Collectors::PlainString#<<]
                                            R vendor/bundle/gems/arel-9.0.0/lib/arel/collectors/plain_string.rb:16 [Arel::Collectors::PlainString#<<]
                                            C vendor/bundle/gems/arel-9.0.0/lib/arel/collectors/bind.rb:10 [Arel::Collectors::Bind#<<]
                                            R vendor/bundle/gems/arel-9.0.0/lib/arel/collectors/bind.rb:12 [Arel::Collectors::Bind#<<]
                                          R vendor/bundle/gems/arel-9.0.0/lib/arel/collectors/composite.rb:15 [Arel::Collectors::Composite#<<]
                                          C vendor/bundle/gems/arel-9.0.0/lib/arel/visitors/reduce.rb:13 [Arel::Visitors::Reduce#visit]
                                            C vendor/bundle/gems/arel-9.0.0/lib/arel/visitors/visitor.rb:25 [Arel::Visitors::Visitor#dispatch]
                                            R vendor/bundle/gems/arel-9.0.0/lib/arel/visitors/visitor.rb:27 [Arel::Visitors::Visitor#dispatch]
                                            C vendor/bundle/gems/arel-9.0.0/lib/arel/visitors/to_sql.rb:544 [Arel::Visitors::ToSql#visit_Arel_Nodes_JoinSource]
                                              C vendor/bundle/gems/arel-9.0.0/lib/arel/visitors/reduce.rb:13 [Arel::Visitors::Reduce#visit]
                                                C vendor/bundle/gems/arel-9.0.0/lib/arel/visitors/visitor.rb:25 [Arel::Visitors::Visitor#dispatch]
                                                R vendor/bundle/gems/arel-9.0.0/lib/arel/visitors/visitor.rb:27 [Arel::Visitors::Visitor#dispatch]
                                                C vendor/bundle/gems/arel-9.0.0/lib/arel/visitors/to_sql.rb:609 [Arel::Visitors::ToSql#visit_Arel_Table]
                                                  C vendor/bundle/gems/arel-9.0.0/lib/arel/visitors/to_sql.rb:802 [Arel::Visitors::ToSql#quote_table_name]
                                                    C vendor/bundle/gems/activerecord-5.2.3/lib/active_record/connection_adapters/sqlite3/quoting.rb:15 [ActiveRecord::ConnectionAdapters::SQLite3::Quoting#quote_table_name]
                                                    R vendor/bundle/gems/activerecord-5.2.3/lib/active_record/connection_adapters/sqlite3/quoting.rb:17 [ActiveRecord::ConnectionAdapters::SQLite3::Quoting#quote_table_name]
                                                  R vendor/bundle/gems/arel-9.0.0/lib/arel/visitors/to_sql.rb:805 [Arel::Visitors::ToSql#quote_table_name]
                                                  C vendor/bundle/gems/arel-9.0.0/lib/arel/collectors/composite.rb:11 [Arel::Collectors::Composite#<<]
                                                    C vendor/bundle/gems/arel-9.0.0/lib/arel/collectors/plain_string.rb:13 [Arel::Collectors::PlainString#<<]
                                                    R vendor/bundle/gems/arel-9.0.0/lib/arel/collectors/plain_string.rb:16 [Arel::Collectors::PlainString#<<]
                                                    C vendor/bundle/gems/arel-9.0.0/lib/arel/collectors/bind.rb:10 [Arel::Collectors::Bind#<<]
                                                    R vendor/bundle/gems/arel-9.0.0/lib/arel/collectors/bind.rb:12 [Arel::Collectors::Bind#<<]
                                                  R vendor/bundle/gems/arel-9.0.0/lib/arel/collectors/composite.rb:15 [Arel::Collectors::Composite#<<]
                                                R vendor/bundle/gems/arel-9.0.0/lib/arel/visitors/to_sql.rb:615 [Arel::Visitors::ToSql#visit_Arel_Table]
                                              R vendor/bundle/gems/arel-9.0.0/lib/arel/visitors/reduce.rb:24 [Arel::Visitors::Reduce#visit]
                                                R vendor/bundle/gems/arel-9.0.0/lib/arel/visitors/to_sql.rb:553 [Arel::Visitors::ToSql#visit_Arel_Nodes_JoinSource]
                                          R vendor/bundle/gems/arel-9.0.0/lib/arel/visitors/reduce.rb:24 [Arel::Visitors::Reduce#visit]
                                          C vendor/bundle/gems/arel-9.0.0/lib/arel/visitors/to_sql.rb:265 [Arel::Visitors::ToSql#collect_nodes_for]
                                          R vendor/bundle/gems/arel-9.0.0/lib/arel/visitors/to_sql.rb:274 [Arel::Visitors::ToSql#collect_nodes_for]
                                          C vendor/bundle/gems/arel-9.0.0/lib/arel/visitors/to_sql.rb:265 [Arel::Visitors::ToSql#collect_nodes_for]
                                          R vendor/bundle/gems/arel-9.0.0/lib/arel/visitors/to_sql.rb:274 [Arel::Visitors::ToSql#collect_nodes_for]
                                          C vendor/bundle/gems/arel-9.0.0/lib/arel/visitors/to_sql.rb:265 [Arel::Visitors::ToSql#collect_nodes_for]
                                          R vendor/bundle/gems/arel-9.0.0/lib/arel/visitors/to_sql.rb:274 [Arel::Visitors::ToSql#collect_nodes_for]
                                        R vendor/bundle/gems/arel-9.0.0/lib/arel/visitors/to_sql.rb:263 [Arel::Visitors::ToSql#visit_Arel_Nodes_SelectCore]
                                        C vendor/bundle/gems/arel-9.0.0/lib/arel/visitors/to_sql.rb:234 [Arel::Visitors::ToSql#visit_Arel_Nodes_SelectOptions]
                                          C vendor/bundle/gems/arel-9.0.0/lib/arel/visitors/to_sql.rb:812 [Arel::Visitors::ToSql#maybe_visit]
                                          R vendor/bundle/gems/arel-9.0.0/lib/arel/visitors/to_sql.rb:813 [Arel::Visitors::ToSql#maybe_visit]
                                          C vendor/bundle/gems/arel-9.0.0/lib/arel/visitors/to_sql.rb:812 [Arel::Visitors::ToSql#maybe_visit]
                                          R vendor/bundle/gems/arel-9.0.0/lib/arel/visitors/to_sql.rb:813 [Arel::Visitors::ToSql#maybe_visit]
                                          C vendor/bundle/gems/arel-9.0.0/lib/arel/visitors/to_sql.rb:812 [Arel::Visitors::ToSql#maybe_visit]
                                          R vendor/bundle/gems/arel-9.0.0/lib/arel/visitors/to_sql.rb:813 [Arel::Visitors::ToSql#maybe_visit]
                                        R vendor/bundle/gems/arel-9.0.0/lib/arel/visitors/to_sql.rb:238 [Arel::Visitors::ToSql#visit_Arel_Nodes_SelectOptions]
                                      R vendor/bundle/gems/arel-9.0.0/lib/arel/visitors/to_sql.rb:232 [Arel::Visitors::SQLite#visit_Arel_Nodes_SelectStatement]
                                                R vendor/bundle/gems/arel-9.0.0/lib/arel/visitors/sqlite.rb:15 [Arel::Visitors::SQLite#visit_Arel_Nodes_SelectStatement]
                                  R vendor/bundle/gems/arel-9.0.0/lib/arel/visitors/reduce.rb:24 [Arel::Visitors::Reduce#visit]
                                R vendor/bundle/gems/arel-9.0.0/lib/arel/visitors/reduce.rb:9 [ActiveRecord::ConnectionAdapters::DetermineIfPreparableVisitor#accept]
                              R vendor/bundle/gems/activerecord-5.2.3/lib/active_record/connection_adapters/determine_if_preparable_visitor.rb:11 [ActiveRecord::ConnectionAdapters::DetermineIfPreparableVisitor#accept]
                              C vendor/bundle/gems/arel-9.0.0/lib/arel/collectors/composite.rb:23 [Arel::Collectors::Composite#value]
                                C vendor/bundle/gems/arel-9.0.0/lib/arel/collectors/plain_string.rb:9 [Arel::Collectors::PlainString#value]
                                R vendor/bundle/gems/arel-9.0.0/lib/arel/collectors/plain_string.rb:11 [Arel::Collectors::PlainString#value]
                                C vendor/bundle/gems/arel-9.0.0/lib/arel/collectors/bind.rb:19 [Arel::Collectors::Bind#value]
                                R vendor/bundle/gems/arel-9.0.0/lib/arel/collectors/bind.rb:21 [Arel::Collectors::Bind#value]
                              R vendor/bundle/gems/arel-9.0.0/lib/arel/collectors/composite.rb:25 [Arel::Collectors::Composite#value]
                              C vendor/bundle/gems/activerecord-5.2.3/lib/active_record/connection_adapters/abstract/database_limits.rb:67 [ActiveRecord::ConnectionAdapters::DatabaseLimits#bind_params_length]
                              R vendor/bundle/gems/activerecord-5.2.3/lib/active_record/connection_adapters/abstract/database_limits.rb:69 [ActiveRecord::ConnectionAdapters::DatabaseLimits#bind_params_length]
                            R vendor/bundle/gems/activerecord-5.2.3/lib/active_record/connection_adapters/abstract/database_statements.rb:41 [ActiveRecord::ConnectionAdapters::DatabaseStatements#to_sql_and_binds]
                            C vendor/bundle/gems/activerecord-5.2.3/lib/active_record/connection_adapters/abstract/query_cache.rb:112 [ActiveRecord::ConnectionAdapters::QueryCache#cache_sql]
                              C vendor/bundle/gems/activerecord-5.2.3/lib/active_record/connection_adapters/abstract/database_statements.rb:59 [ActiveRecord::ConnectionAdapters::QueryCache#select_all]
                                C vendor/bundle/gems/activerecord-5.2.3/lib/active_record/connection_adapters/abstract/database_statements.rb:498 [ActiveRecord::ConnectionAdapters::DatabaseStatements#arel_from_relation]
                                R vendor/bundle/gems/activerecord-5.2.3/lib/active_record/connection_adapters/abstract/database_statements.rb:504 [ActiveRecord::ConnectionAdapters::DatabaseStatements#arel_from_relation]
                                C vendor/bundle/gems/activerecord-5.2.3/lib/active_record/connection_adapters/abstract/database_statements.rb:17 [ActiveRecord::ConnectionAdapters::DatabaseStatements#to_sql_and_binds]
                                R vendor/bundle/gems/activerecord-5.2.3/lib/active_record/connection_adapters/abstract/database_statements.rb:41 [ActiveRecord::ConnectionAdapters::DatabaseStatements#to_sql_and_binds]
                                C vendor/bundle/gems/activerecord-5.2.3/lib/active_record/connection_adapters/abstract/database_statements.rb:481 [ActiveRecord::ConnectionAdapters::DatabaseStatements#select_prepared]
                                  C vendor/bundle/gems/activerecord-5.2.3/lib/active_record/connection_adapters/sqlite3_adapter.rb:209 [ActiveRecord::ConnectionAdapters::SQLite3Adapter#exec_query]
                                    C vendor/bundle/gems/activerecord-5.2.3/lib/active_record/connection_adapters/abstract/quoting.rb:141 [ActiveRecord::ConnectionAdapters::Quoting#type_casted_binds]
                                    R vendor/bundle/gems/activerecord-5.2.3/lib/active_record/connection_adapters/abstract/quoting.rb:147 [ActiveRecord::ConnectionAdapters::Quoting#type_casted_binds]
                                    C vendor/bundle/gems/activerecord-5.2.3/lib/active_record/connection_adapters/abstract_adapter.rb:570 [ActiveRecord::ConnectionAdapters::AbstractAdapter#log]
                                      C vendor/bundle/gems/activerecord-5.2.3/lib/active_record/log_subscriber.rb:90 [ActiveRecord::LogSubscriber#logger]
                                      R vendor/bundle/gems/activerecord-5.2.3/lib/active_record/log_subscriber.rb:92 [ActiveRecord::LogSubscriber#logger]
                                      C vendor/bundle/gems/activerecord-5.2.3/lib/active_record/explain_subscriber.rb:8 [ActiveRecord::ExplainSubscriber#start]
                                      R vendor/bundle/gems/activerecord-5.2.3/lib/active_record/explain_subscriber.rb:10 [ActiveRecord::ExplainSubscriber#start]
                                      C vendor/bundle/gems/activerecord-5.2.3/lib/active_record/connection_adapters/statement_pool.rb:23 [ActiveRecord::ConnectionAdapters::StatementPool#[]]
                                        C vendor/bundle/gems/activerecord-5.2.3/lib/active_record/connection_adapters/statement_pool.rb:52 [ActiveRecord::ConnectionAdapters::StatementPool#cache]
                                        R vendor/bundle/gems/activerecord-5.2.3/lib/active_record/connection_adapters/statement_pool.rb:54 [ActiveRecord::ConnectionAdapters::StatementPool#cache]
                                      R vendor/bundle/gems/activerecord-5.2.3/lib/active_record/connection_adapters/statement_pool.rb:25 [ActiveRecord::ConnectionAdapters::StatementPool#[]]
                                      C vendor/bundle/gems/sqlite3-1.4.1/lib/sqlite3/statement.rb:35 [SQLite3::Statement#bind_params]
                                      R vendor/bundle/gems/sqlite3-1.4.1/lib/sqlite3/statement.rb:45 [SQLite3::Statement#bind_params]
                                      C vendor/bundle/gems/sqlite3-1.4.1/lib/sqlite3/statement.rb:106 [SQLite3::Statement#each]
                                      R vendor/bundle/gems/sqlite3-1.4.1/lib/sqlite3/statement.rb:112 [SQLite3::Statement#each]
                                      C vendor/bundle/gems/activerecord-5.2.3/lib/active_record/result.rb:39 [ActiveRecord::Result#initialize]
                                      R vendor/bundle/gems/activerecord-5.2.3/lib/active_record/result.rb:44 [ActiveRecord::Result#initialize]
                                      C vendor/bundle/gems/activerecord-5.2.3/lib/active_record/log_subscriber.rb:90 [ActiveRecord::LogSubscriber#logger]
                                      R vendor/bundle/gems/activerecord-5.2.3/lib/active_record/log_subscriber.rb:92 [ActiveRecord::LogSubscriber#logger]
                                      C vendor/bundle/gems/activerecord-5.2.3/lib/active_record/log_subscriber.rb:20 [ActiveRecord::LogSubscriber#sql]
                                        C vendor/bundle/gems/activerecord-5.2.3/lib/active_record/log_subscriber.rb:11 [ActiveRecord::LogSubscriber.runtime]
                                          C vendor/bundle/gems/activerecord-5.2.3/lib/active_record/runtime_registry.rb:20 [ActiveRecord::RuntimeRegistry.sql_runtime]
                                          R vendor/bundle/gems/activerecord-5.2.3/lib/active_record/runtime_registry.rb:20 [ActiveRecord::RuntimeRegistry.sql_runtime]
                                        R vendor/bundle/gems/activerecord-5.2.3/lib/active_record/log_subscriber.rb:13 [ActiveRecord::LogSubscriber.runtime]
                                        C vendor/bundle/gems/activerecord-5.2.3/lib/active_record/log_subscriber.rb:7 [ActiveRecord::LogSubscriber.runtime=]
                                          C vendor/bundle/gems/activerecord-5.2.3/lib/active_record/runtime_registry.rb:21 [ActiveRecord::RuntimeRegistry.sql_runtime=]
                                          R vendor/bundle/gems/activerecord-5.2.3/lib/active_record/runtime_registry.rb:21 [ActiveRecord::RuntimeRegistry.sql_runtime=]
                                        R vendor/bundle/gems/activerecord-5.2.3/lib/active_record/log_subscriber.rb:9 [ActiveRecord::LogSubscriber.runtime=]
                                        C vendor/bundle/gems/activerecord-5.2.3/lib/active_record/log_subscriber.rb:90 [ActiveRecord::LogSubscriber#logger]
                                        R vendor/bundle/gems/activerecord-5.2.3/lib/active_record/log_subscriber.rb:92 [ActiveRecord::LogSubscriber#logger]
                                        C vendor/bundle/gems/activerecord-5.2.3/lib/active_record/log_subscriber.rb:61 [ActiveRecord::LogSubscriber#colorize_payload_name]
                                        R vendor/bundle/gems/activerecord-5.2.3/lib/active_record/log_subscriber.rb:67 [ActiveRecord::LogSubscriber#colorize_payload_name]
                                        C vendor/bundle/gems/activerecord-5.2.3/lib/active_record/log_subscriber.rb:69 [ActiveRecord::LogSubscriber#sql_color]
                                        R vendor/bundle/gems/activerecord-5.2.3/lib/active_record/log_subscriber.rb:88 [ActiveRecord::LogSubscriber#sql_color]
                                        C vendor/bundle/gems/activerecord-5.2.3/lib/active_record/log_subscriber.rb:94 [ActiveRecord::LogSubscriber#debug]
                                          C vendor/bundle/gems/activerecord-5.2.3/lib/active_record/log_subscriber.rb:90 [ActiveRecord::LogSubscriber#logger]
                                          R vendor/bundle/gems/activerecord-5.2.3/lib/active_record/log_subscriber.rb:92 [ActiveRecord::LogSubscriber#logger]
                                          C vendor/bundle/gems/activerecord-5.2.3/lib/active_record/log_subscriber.rb:90 [ActiveRecord::LogSubscriber#logger]
                                          R vendor/bundle/gems/activerecord-5.2.3/lib/active_record/log_subscriber.rb:92 [ActiveRecord::LogSubscriber#logger]
                                          C vendor/bundle/gems/activerecord-5.2.3/lib/active_record/log_subscriber.rb:102 [ActiveRecord::LogSubscriber#log_query_source]
                                            C vendor/bundle/gems/activerecord-5.2.3/lib/active_record/log_subscriber.rb:115 [ActiveRecord::LogSubscriber#extract_callstack]
                                              C vendor/bundle/gems/activerecord-5.2.3/lib/active_record/log_subscriber.rb:130 [ActiveRecord::LogSubscriber#ignored_callstack]
                                              R vendor/bundle/gems/activerecord-5.2.3/lib/active_record/log_subscriber.rb:133 [ActiveRecord::LogSubscriber#ignored_callstack]
                                              C vendor/bundle/gems/activerecord-5.2.3/lib/active_record/log_subscriber.rb:130 [ActiveRecord::LogSubscriber#ignored_callstack]
                                              R vendor/bundle/gems/activerecord-5.2.3/lib/active_record/log_subscriber.rb:133 [ActiveRecord::LogSubscriber#ignored_callstack]
                                              C vendor/bundle/gems/activerecord-5.2.3/lib/active_record/log_subscriber.rb:130 [ActiveRecord::LogSubscriber#ignored_callstack]
                                              R vendor/bundle/gems/activerecord-5.2.3/lib/active_record/log_subscriber.rb:133 [ActiveRecord::LogSubscriber#ignored_callstack]
                                              C vendor/bundle/gems/activerecord-5.2.3/lib/active_record/log_subscriber.rb:130 [ActiveRecord::LogSubscriber#ignored_callstack]
                                              R vendor/bundle/gems/activerecord-5.2.3/lib/active_record/log_subscriber.rb:133 [ActiveRecord::LogSubscriber#ignored_callstack]
                                              C vendor/bundle/gems/activerecord-5.2.3/lib/active_record/log_subscriber.rb:130 [ActiveRecord::LogSubscriber#ignored_callstack]
                                              R vendor/bundle/gems/activerecord-5.2.3/lib/active_record/log_subscriber.rb:133 [ActiveRecord::LogSubscriber#ignored_callstack]
                                              C vendor/bundle/gems/activerecord-5.2.3/lib/active_record/log_subscriber.rb:130 [ActiveRecord::LogSubscriber#ignored_callstack]
                                              R vendor/bundle/gems/activerecord-5.2.3/lib/active_record/log_subscriber.rb:133 [ActiveRecord::LogSubscriber#ignored_callstack]
                                              C vendor/bundle/gems/activerecord-5.2.3/lib/active_record/log_subscriber.rb:130 [ActiveRecord::LogSubscriber#ignored_callstack]
                                              R vendor/bundle/gems/activerecord-5.2.3/lib/active_record/log_subscriber.rb:133 [ActiveRecord::LogSubscriber#ignored_callstack]
                                              C vendor/bundle/gems/activerecord-5.2.3/lib/active_record/log_subscriber.rb:130 [ActiveRecord::LogSubscriber#ignored_callstack]
                                              R vendor/bundle/gems/activerecord-5.2.3/lib/active_record/log_subscriber.rb:133 [ActiveRecord::LogSubscriber#ignored_callstack]
                                              C vendor/bundle/gems/activerecord-5.2.3/lib/active_record/log_subscriber.rb:130 [ActiveRecord::LogSubscriber#ignored_callstack]
                                              R vendor/bundle/gems/activerecord-5.2.3/lib/active_record/log_subscriber.rb:133 [ActiveRecord::LogSubscriber#ignored_callstack]
                                              C vendor/bundle/gems/activerecord-5.2.3/lib/active_record/log_subscriber.rb:130 [ActiveRecord::LogSubscriber#ignored_callstack]
                                              R vendor/bundle/gems/activerecord-5.2.3/lib/active_record/log_subscriber.rb:133 [ActiveRecord::LogSubscriber#ignored_callstack]
                                              C vendor/bundle/gems/activerecord-5.2.3/lib/active_record/log_subscriber.rb:130 [ActiveRecord::LogSubscriber#ignored_callstack]
                                              R vendor/bundle/gems/activerecord-5.2.3/lib/active_record/log_subscriber.rb:133 [ActiveRecord::LogSubscriber#ignored_callstack]
                                              C vendor/bundle/gems/activerecord-5.2.3/lib/active_record/log_subscriber.rb:130 [ActiveRecord::LogSubscriber#ignored_callstack]
                                              R vendor/bundle/gems/activerecord-5.2.3/lib/active_record/log_subscriber.rb:133 [ActiveRecord::LogSubscriber#ignored_callstack]
                                              C vendor/bundle/gems/activerecord-5.2.3/lib/active_record/log_subscriber.rb:130 [ActiveRecord::LogSubscriber#ignored_callstack]
                                              R vendor/bundle/gems/activerecord-5.2.3/lib/active_record/log_subscriber.rb:133 [ActiveRecord::LogSubscriber#ignored_callstack]
                                              C vendor/bundle/gems/activerecord-5.2.3/lib/active_record/log_subscriber.rb:130 [ActiveRecord::LogSubscriber#ignored_callstack]
                                              R vendor/bundle/gems/activerecord-5.2.3/lib/active_record/log_subscriber.rb:133 [ActiveRecord::LogSubscriber#ignored_callstack]
                                              C vendor/bundle/gems/activerecord-5.2.3/lib/active_record/log_subscriber.rb:130 [ActiveRecord::LogSubscriber#ignored_callstack]
                                              R vendor/bundle/gems/activerecord-5.2.3/lib/active_record/log_subscriber.rb:133 [ActiveRecord::LogSubscriber#ignored_callstack]
                                              C vendor/bundle/gems/activerecord-5.2.3/lib/active_record/log_subscriber.rb:130 [ActiveRecord::LogSubscriber#ignored_callstack]
                                              R vendor/bundle/gems/activerecord-5.2.3/lib/active_record/log_subscriber.rb:133 [ActiveRecord::LogSubscriber#ignored_callstack]
                                              C vendor/bundle/gems/activerecord-5.2.3/lib/active_record/log_subscriber.rb:130 [ActiveRecord::LogSubscriber#ignored_callstack]
                                              R vendor/bundle/gems/activerecord-5.2.3/lib/active_record/log_subscriber.rb:133 [ActiveRecord::LogSubscriber#ignored_callstack]
                                              C vendor/bundle/gems/activerecord-5.2.3/lib/active_record/log_subscriber.rb:130 [ActiveRecord::LogSubscriber#ignored_callstack]
                                              R vendor/bundle/gems/activerecord-5.2.3/lib/active_record/log_subscriber.rb:133 [ActiveRecord::LogSubscriber#ignored_callstack]
                                              C vendor/bundle/gems/activerecord-5.2.3/lib/active_record/log_subscriber.rb:130 [ActiveRecord::LogSubscriber#ignored_callstack]
                                              R vendor/bundle/gems/activerecord-5.2.3/lib/active_record/log_subscriber.rb:133 [ActiveRecord::LogSubscriber#ignored_callstack]
                                              C vendor/bundle/gems/activerecord-5.2.3/lib/active_record/log_subscriber.rb:130 [ActiveRecord::LogSubscriber#ignored_callstack]
                                              R vendor/bundle/gems/activerecord-5.2.3/lib/active_record/log_subscriber.rb:133 [ActiveRecord::LogSubscriber#ignored_callstack]
                                              C vendor/bundle/gems/activerecord-5.2.3/lib/active_record/log_subscriber.rb:130 [ActiveRecord::LogSubscriber#ignored_callstack]
                                              R vendor/bundle/gems/activerecord-5.2.3/lib/active_record/log_subscriber.rb:133 [ActiveRecord::LogSubscriber#ignored_callstack]
                                              C vendor/bundle/gems/activerecord-5.2.3/lib/active_record/log_subscriber.rb:130 [ActiveRecord::LogSubscriber#ignored_callstack]
                                              R vendor/bundle/gems/activerecord-5.2.3/lib/active_record/log_subscriber.rb:133 [ActiveRecord::LogSubscriber#ignored_callstack]
                                              C vendor/bundle/gems/activerecord-5.2.3/lib/active_record/log_subscriber.rb:130 [ActiveRecord::LogSubscriber#ignored_callstack]
                                              R vendor/bundle/gems/activerecord-5.2.3/lib/active_record/log_subscriber.rb:133 [ActiveRecord::LogSubscriber#ignored_callstack]
                                              C vendor/bundle/gems/activerecord-5.2.3/lib/active_record/log_subscriber.rb:130 [ActiveRecord::LogSubscriber#ignored_callstack]
                                              R vendor/bundle/gems/activerecord-5.2.3/lib/active_record/log_subscriber.rb:133 [ActiveRecord::LogSubscriber#ignored_callstack]
                                              C vendor/bundle/gems/activerecord-5.2.3/lib/active_record/log_subscriber.rb:130 [ActiveRecord::LogSubscriber#ignored_callstack]
                                              R vendor/bundle/gems/activerecord-5.2.3/lib/active_record/log_subscriber.rb:133 [ActiveRecord::LogSubscriber#ignored_callstack]
                                              C vendor/bundle/gems/activerecord-5.2.3/lib/active_record/log_subscriber.rb:130 [ActiveRecord::LogSubscriber#ignored_callstack]
                                              R vendor/bundle/gems/activerecord-5.2.3/lib/active_record/log_subscriber.rb:133 [ActiveRecord::LogSubscriber#ignored_callstack]
                                              C vendor/bundle/gems/activerecord-5.2.3/lib/active_record/log_subscriber.rb:130 [ActiveRecord::LogSubscriber#ignored_callstack]
                                              R vendor/bundle/gems/activerecord-5.2.3/lib/active_record/log_subscriber.rb:133 [ActiveRecord::LogSubscriber#ignored_callstack]
                                              C vendor/bundle/gems/activerecord-5.2.3/lib/active_record/log_subscriber.rb:130 [ActiveRecord::LogSubscriber#ignored_callstack]
                                              R vendor/bundle/gems/activerecord-5.2.3/lib/active_record/log_subscriber.rb:133 [ActiveRecord::LogSubscriber#ignored_callstack]
                                              C vendor/bundle/gems/activerecord-5.2.3/lib/active_record/log_subscriber.rb:130 [ActiveRecord::LogSubscriber#ignored_callstack]
                                              R vendor/bundle/gems/activerecord-5.2.3/lib/active_record/log_subscriber.rb:133 [ActiveRecord::LogSubscriber#ignored_callstack]
                                              C vendor/bundle/gems/activerecord-5.2.3/lib/active_record/log_subscriber.rb:130 [ActiveRecord::LogSubscriber#ignored_callstack]
                                              R vendor/bundle/gems/activerecord-5.2.3/lib/active_record/log_subscriber.rb:133 [ActiveRecord::LogSubscriber#ignored_callstack]
                                              C vendor/bundle/gems/activerecord-5.2.3/lib/active_record/log_subscriber.rb:130 [ActiveRecord::LogSubscriber#ignored_callstack]
                                              R vendor/bundle/gems/activerecord-5.2.3/lib/active_record/log_subscriber.rb:133 [ActiveRecord::LogSubscriber#ignored_callstack]
                                              C vendor/bundle/gems/activerecord-5.2.3/lib/active_record/log_subscriber.rb:130 [ActiveRecord::LogSubscriber#ignored_callstack]
                                              R vendor/bundle/gems/activerecord-5.2.3/lib/active_record/log_subscriber.rb:133 [ActiveRecord::LogSubscriber#ignored_callstack]
                                              C vendor/bundle/gems/activerecord-5.2.3/lib/active_record/log_subscriber.rb:130 [ActiveRecord::LogSubscriber#ignored_callstack]
                                              R vendor/bundle/gems/activerecord-5.2.3/lib/active_record/log_subscriber.rb:133 [ActiveRecord::LogSubscriber#ignored_callstack]
                                              C vendor/bundle/gems/activerecord-5.2.3/lib/active_record/log_subscriber.rb:130 [ActiveRecord::LogSubscriber#ignored_callstack]
                                              R vendor/bundle/gems/activerecord-5.2.3/lib/active_record/log_subscriber.rb:133 [ActiveRecord::LogSubscriber#ignored_callstack]
                                              C vendor/bundle/gems/activerecord-5.2.3/lib/active_record/log_subscriber.rb:130 [ActiveRecord::LogSubscriber#ignored_callstack]
                                              R vendor/bundle/gems/activerecord-5.2.3/lib/active_record/log_subscriber.rb:133 [ActiveRecord::LogSubscriber#ignored_callstack]
                                              C vendor/bundle/gems/activerecord-5.2.3/lib/active_record/log_subscriber.rb:130 [ActiveRecord::LogSubscriber#ignored_callstack]
                                              R vendor/bundle/gems/activerecord-5.2.3/lib/active_record/log_subscriber.rb:133 [ActiveRecord::LogSubscriber#ignored_callstack]
                                              C vendor/bundle/gems/activerecord-5.2.3/lib/active_record/log_subscriber.rb:130 [ActiveRecord::LogSubscriber#ignored_callstack]
                                              R vendor/bundle/gems/activerecord-5.2.3/lib/active_record/log_subscriber.rb:133 [ActiveRecord::LogSubscriber#ignored_callstack]
                                              C vendor/bundle/gems/activerecord-5.2.3/lib/active_record/log_subscriber.rb:130 [ActiveRecord::LogSubscriber#ignored_callstack]
                                              R vendor/bundle/gems/activerecord-5.2.3/lib/active_record/log_subscriber.rb:133 [ActiveRecord::LogSubscriber#ignored_callstack]
                                              C vendor/bundle/gems/activerecord-5.2.3/lib/active_record/log_subscriber.rb:130 [ActiveRecord::LogSubscriber#ignored_callstack]
                                              R vendor/bundle/gems/activerecord-5.2.3/lib/active_record/log_subscriber.rb:133 [ActiveRecord::LogSubscriber#ignored_callstack]
                                              C vendor/bundle/gems/activerecord-5.2.3/lib/active_record/log_subscriber.rb:130 [ActiveRecord::LogSubscriber#ignored_callstack]
                                              R vendor/bundle/gems/activerecord-5.2.3/lib/active_record/log_subscriber.rb:133 [ActiveRecord::LogSubscriber#ignored_callstack]
                                              C vendor/bundle/gems/activerecord-5.2.3/lib/active_record/log_subscriber.rb:130 [ActiveRecord::LogSubscriber#ignored_callstack]
                                              R vendor/bundle/gems/activerecord-5.2.3/lib/active_record/log_subscriber.rb:133 [ActiveRecord::LogSubscriber#ignored_callstack]
                                              C vendor/bundle/gems/activerecord-5.2.3/lib/active_record/log_subscriber.rb:130 [ActiveRecord::LogSubscriber#ignored_callstack]
                                              R vendor/bundle/gems/activerecord-5.2.3/lib/active_record/log_subscriber.rb:133 [ActiveRecord::LogSubscriber#ignored_callstack]
                                              C vendor/bundle/gems/activerecord-5.2.3/lib/active_record/log_subscriber.rb:130 [ActiveRecord::LogSubscriber#ignored_callstack]
                                              R vendor/bundle/gems/activerecord-5.2.3/lib/active_record/log_subscriber.rb:133 [ActiveRecord::LogSubscriber#ignored_callstack]
                                              C vendor/bundle/gems/activerecord-5.2.3/lib/active_record/log_subscriber.rb:130 [ActiveRecord::LogSubscriber#ignored_callstack]
                                              R vendor/bundle/gems/activerecord-5.2.3/lib/active_record/log_subscriber.rb:133 [ActiveRecord::LogSubscriber#ignored_callstack]
                                              C vendor/bundle/gems/activerecord-5.2.3/lib/active_record/log_subscriber.rb:130 [ActiveRecord::LogSubscriber#ignored_callstack]
                                              R vendor/bundle/gems/activerecord-5.2.3/lib/active_record/log_subscriber.rb:133 [ActiveRecord::LogSubscriber#ignored_callstack]
                                              C vendor/bundle/gems/activerecord-5.2.3/lib/active_record/log_subscriber.rb:130 [ActiveRecord::LogSubscriber#ignored_callstack]
                                              R vendor/bundle/gems/activerecord-5.2.3/lib/active_record/log_subscriber.rb:133 [ActiveRecord::LogSubscriber#ignored_callstack]
                                            R vendor/bundle/gems/activerecord-5.2.3/lib/active_record/log_subscriber.rb:126 [ActiveRecord::LogSubscriber#extract_callstack]
                                            C vendor/bundle/gems/railties-5.2.3/lib/rails.rb:63 [Rails.root]
                                              C vendor/bundle/gems/railties-5.2.3/lib/rails.rb:39 [Rails.application]
                                              R vendor/bundle/gems/railties-5.2.3/lib/rails.rb:41 [Rails.application]
                                              C vendor/bundle/gems/railties-5.2.3/lib/rails.rb:39 [Rails.application]
                                              R vendor/bundle/gems/railties-5.2.3/lib/rails.rb:41 [Rails.application]
                                              C vendor/bundle/gems/railties-5.2.3/lib/rails/application.rb:372 [Rails::Application#config]
                                              R vendor/bundle/gems/railties-5.2.3/lib/rails/application.rb:374 [Rails::Application#config]
                                            R vendor/bundle/gems/railties-5.2.3/lib/rails.rb:65 [Rails.root]
                                            C vendor/bundle/gems/activerecord-5.2.3/lib/active_record/log_subscriber.rb:90 [ActiveRecord::LogSubscriber#logger]
                                            R vendor/bundle/gems/activerecord-5.2.3/lib/active_record/log_subscriber.rb:92 [ActiveRecord::LogSubscriber#logger]
                                          R vendor/bundle/gems/activerecord-5.2.3/lib/active_record/log_subscriber.rb:113 [ActiveRecord::LogSubscriber#log_query_source]
                                        R vendor/bundle/gems/activerecord-5.2.3/lib/active_record/log_subscriber.rb:100 [ActiveRecord::LogSubscriber#debug]
                                      R vendor/bundle/gems/activerecord-5.2.3/lib/active_record/log_subscriber.rb:44 [ActiveRecord::LogSubscriber#sql]
                                      C vendor/bundle/gems/activerecord-5.2.3/lib/active_record/explain_subscriber.rb:12 [ActiveRecord::ExplainSubscriber#finish]
                                        C vendor/bundle/gems/activerecord-5.2.3/lib/active_record/explain_registry.rb:23 [ActiveRecord::ExplainRegistry#collect?]
                                        R vendor/bundle/gems/activerecord-5.2.3/lib/active_record/explain_registry.rb:25 [ActiveRecord::ExplainRegistry#collect?]
                                      R vendor/bundle/gems/activerecord-5.2.3/lib/active_record/explain_subscriber.rb:16 [ActiveRecord::ExplainSubscriber#finish]
                                    R vendor/bundle/gems/activerecord-5.2.3/lib/active_record/connection_adapters/abstract_adapter.rb:587 [ActiveRecord::ConnectionAdapters::AbstractAdapter#log]
                                  R vendor/bundle/gems/activerecord-5.2.3/lib/active_record/connection_adapters/sqlite3_adapter.rb:240 [ActiveRecord::ConnectionAdapters::SQLite3Adapter#exec_query]
                                R vendor/bundle/gems/activerecord-5.2.3/lib/active_record/connection_adapters/abstract/database_statements.rb:483 [ActiveRecord::ConnectionAdapters::DatabaseStatements#select_prepared]
                              R vendor/bundle/gems/activerecord-5.2.3/lib/active_record/connection_adapters/abstract/database_statements.rb:72 [ActiveRecord::ConnectionAdapters::QueryCache#select_all]
                              C vendor/bundle/gems/activerecord-5.2.3/lib/active_record/result.rb:108 [ActiveRecord::Result#initialize_copy]
                              R vendor/bundle/gems/activerecord-5.2.3/lib/active_record/result.rb:113 [ActiveRecord::Result#initialize_copy]
                              R vendor/bundle/gems/activerecord-5.2.3/lib/active_record/connection_adapters/abstract/query_cache.rb:131 [ActiveRecord::ConnectionAdapters::QueryCache#cache_sql]
                          R vendor/bundle/gems/activerecord-5.2.3/lib/active_record/connection_adapters/abstract/query_cache.rb:108 [ActiveRecord::ConnectionAdapters::QueryCache#select_all]
                          C vendor/bundle/gems/activerecord-5.2.3/lib/active_record/model_schema.rb:345 [ActiveRecord::ModelSchema::ClassMethods.attribute_types]
                            C vendor/bundle/gems/activerecord-5.2.3/lib/active_record/model_schema.rb:454 [ActiveRecord::ModelSchema::ClassMethods.load_schema]
                              C vendor/bundle/gems/activerecord-5.2.3/lib/active_record/model_schema.rb:450 [ActiveRecord::ModelSchema::ClassMethods.schema_loaded?]
                              R vendor/bundle/gems/activerecord-5.2.3/lib/active_record/model_schema.rb:452 [ActiveRecord::ModelSchema::ClassMethods.schema_loaded?]
                            R vendor/bundle/gems/activerecord-5.2.3/lib/active_record/model_schema.rb:455 [ActiveRecord::ModelSchema::ClassMethods.load_schema]
                          R vendor/bundle/gems/activerecord-5.2.3/lib/active_record/model_schema.rb:348 [ActiveRecord::ModelSchema::ClassMethods.attribute_types]
                          C vendor/bundle/gems/activerecord-5.2.3/lib/active_record/result.rb:47 [ActiveRecord::Result#length]
                          R vendor/bundle/gems/activerecord-5.2.3/lib/active_record/result.rb:49 [ActiveRecord::Result#length]
                          C vendor/bundle/gems/activerecord-5.2.3/lib/active_record/result.rb:55 [ActiveRecord::Result#each]
                            C vendor/bundle/gems/activerecord-5.2.3/lib/active_record/result.rb:123 [ActiveRecord::Result#hash_rows]
                            R vendor/bundle/gems/activerecord-5.2.3/lib/active_record/result.rb:147 [ActiveRecord::Result#hash_rows]
                          R vendor/bundle/gems/activerecord-5.2.3/lib/active_record/result.rb:61 [ActiveRecord::Result#each]
                        R vendor/bundle/gems/activerecord-5.2.3/lib/active_record/querying.rb:54 [ActiveRecord::Querying.find_by_sql]
                        C vendor/bundle/gems/activerecord-5.2.3/lib/active_record/relation/query_methods.rb:69 [ActiveRecord::QueryMethods#preload_values]
                          C vendor/bundle/gems/activerecord-5.2.3/lib/active_record/relation/query_methods.rb:907 [ActiveRecord::QueryMethods#get_value]
                          R vendor/bundle/gems/activerecord-5.2.3/lib/active_record/relation/query_methods.rb:909 [ActiveRecord::QueryMethods#get_value]
                        R vendor/bundle/gems/activerecord-5.2.3/lib/active_record/relation/query_methods.rb:71 [ActiveRecord::QueryMethods#preload_values]
                        C vendor/bundle/gems/activerecord-5.2.3/lib/active_record/relation.rb:472 [ActiveRecord::Relation#eager_loading?]
                          C vendor/bundle/gems/activerecord-5.2.3/lib/active_record/relation/query_methods.rb:69 [ActiveRecord::QueryMethods#eager_load_values]
                            C vendor/bundle/gems/activerecord-5.2.3/lib/active_record/relation/query_methods.rb:907 [ActiveRecord::QueryMethods#get_value]
                            R vendor/bundle/gems/activerecord-5.2.3/lib/active_record/relation/query_methods.rb:909 [ActiveRecord::QueryMethods#get_value]
                          R vendor/bundle/gems/activerecord-5.2.3/lib/active_record/relation/query_methods.rb:71 [ActiveRecord::QueryMethods#eager_load_values]
                          C vendor/bundle/gems/activerecord-5.2.3/lib/active_record/relation/query_methods.rb:69 [ActiveRecord::QueryMethods#includes_values]
                            C vendor/bundle/gems/activerecord-5.2.3/lib/active_record/relation/query_methods.rb:907 [ActiveRecord::QueryMethods#get_value]
                            R vendor/bundle/gems/activerecord-5.2.3/lib/active_record/relation/query_methods.rb:909 [ActiveRecord::QueryMethods#get_value]
                          R vendor/bundle/gems/activerecord-5.2.3/lib/active_record/relation/query_methods.rb:71 [ActiveRecord::QueryMethods#includes_values]
                        R vendor/bundle/gems/activerecord-5.2.3/lib/active_record/relation.rb:476 [ActiveRecord::Relation#eager_loading?]
                        C vendor/bundle/gems/activerecord-5.2.3/lib/active_record/relation/query_methods.rb:69 [ActiveRecord::QueryMethods#includes_values]
                          C vendor/bundle/gems/activerecord-5.2.3/lib/active_record/relation/query_methods.rb:907 [ActiveRecord::QueryMethods#get_value]
                          R vendor/bundle/gems/activerecord-5.2.3/lib/active_record/relation/query_methods.rb:909 [ActiveRecord::QueryMethods#get_value]
                        R vendor/bundle/gems/activerecord-5.2.3/lib/active_record/relation/query_methods.rb:71 [ActiveRecord::QueryMethods#includes_values]
                        C vendor/bundle/gems/activerecord-5.2.3/lib/active_record/relation/query_methods.rb:69 [ActiveRecord::QueryMethods#readonly_value]
                          C vendor/bundle/gems/activerecord-5.2.3/lib/active_record/relation/query_methods.rb:907 [ActiveRecord::QueryMethods#get_value]
                          R vendor/bundle/gems/activerecord-5.2.3/lib/active_record/relation/query_methods.rb:909 [ActiveRecord::QueryMethods#get_value]
                        R vendor/bundle/gems/activerecord-5.2.3/lib/active_record/relation/query_methods.rb:71 [ActiveRecord::QueryMethods#readonly_value]
                      R vendor/bundle/gems/activerecord-5.2.3/lib/active_record/relation.rb:586 [ActiveRecord::Relation#skip_query_cache_if_necessary]
                    R vendor/bundle/gems/activerecord-5.2.3/lib/active_record/relation.rb:576 [ActiveRecord::Relation#exec_queries]
                  R vendor/bundle/gems/activerecord-5.2.3/lib/active_record/relation.rb:425 [ActiveRecord::Relation#load]
                R vendor/bundle/gems/activerecord-5.2.3/lib/active_record/relation.rb:202 [ActiveRecord::Relation#records]
              R vendor/bundle/gems/activerecord-5.2.3/lib/active_record/relation/delegation.rb:71 [ActiveRecord::Delegation#as_json]
              C vendor/bundle/gems/actionpack-5.2.3/lib/action_controller/metal.rb:150 [ActionController::Metal#content_type]
                C vendor/bundle/gems/actionpack-5.2.3/lib/action_dispatch/http/response.rb:247 [ActionDispatch::Response#content_type]
                  C vendor/bundle/gems/actionpack-5.2.3/lib/action_dispatch/http/response.rb:422 [ActionDispatch::Response#parsed_content_type_header]
                    C vendor/bundle/gems/actionpack-5.2.3/lib/action_dispatch/http/response.rb:182 [ActionDispatch::Response#get_header]
                    R vendor/bundle/gems/actionpack-5.2.3/lib/action_dispatch/http/response.rb:182 [0x00007faf2c913e48#[]]
                    R vendor/bundle/gems/actionpack-5.2.3/lib/action_dispatch/http/response.rb:182 [ActionDispatch::Response#get_header]
                    C vendor/bundle/gems/actionpack-5.2.3/lib/action_dispatch/http/response.rb:412 [ActionDispatch::Response#parse_content_type]
                    R vendor/bundle/gems/actionpack-5.2.3/lib/action_dispatch/http/response.rb:418 [ActionDispatch::Response#parse_content_type]
                  R vendor/bundle/gems/actionpack-5.2.3/lib/action_dispatch/http/response.rb:424 [ActionDispatch::Response#parsed_content_type_header]
                R vendor/bundle/gems/actionpack-5.2.3/lib/action_dispatch/http/response.rb:249 [ActionDispatch::Response#content_type]
              R vendor/bundle/gems/actionpack-5.2.3/lib/action_controller/metal.rb:150 [ActionController::Metal#content_type]
              C vendor/bundle/gems/actionpack-5.2.3/lib/action_dispatch/http/mime_type.rb:40 [Mime.[]]
                C vendor/bundle/gems/actionpack-5.2.3/lib/action_dispatch/http/mime_type.rb:148 [Mime::Type.lookup_by_extension]
                R vendor/bundle/gems/actionpack-5.2.3/lib/action_dispatch/http/mime_type.rb:150 [Mime::Type.lookup_by_extension]
              R vendor/bundle/gems/actionpack-5.2.3/lib/action_dispatch/http/mime_type.rb:43 [Mime.[]]
              C vendor/bundle/gems/actionpack-5.2.3/lib/action_controller/metal.rb:150 [ActionController::Metal#content_type=]
                C vendor/bundle/gems/actionpack-5.2.3/lib/action_dispatch/http/response.rb:229 [ActionDispatch::Response#content_type=]
                  C vendor/bundle/gems/actionpack-5.2.3/lib/action_dispatch/http/mime_type.rb:232 [Mime::Type#to_s]
                  R vendor/bundle/gems/actionpack-5.2.3/lib/action_dispatch/http/mime_type.rb:234 [Mime::Type#to_s]
                  C vendor/bundle/gems/actionpack-5.2.3/lib/action_dispatch/http/response.rb:412 [ActionDispatch::Response#parse_content_type]
                  R vendor/bundle/gems/actionpack-5.2.3/lib/action_dispatch/http/response.rb:418 [ActionDispatch::Response#parse_content_type]
                  C vendor/bundle/gems/actionpack-5.2.3/lib/action_dispatch/http/response.rb:422 [ActionDispatch::Response#parsed_content_type_header]
                    C vendor/bundle/gems/actionpack-5.2.3/lib/action_dispatch/http/response.rb:182 [ActionDispatch::Response#get_header]
                    R vendor/bundle/gems/actionpack-5.2.3/lib/action_dispatch/http/response.rb:182 [0x00007faf2c913e48#[]]
                    R vendor/bundle/gems/actionpack-5.2.3/lib/action_dispatch/http/response.rb:182 [ActionDispatch::Response#get_header]
                    C vendor/bundle/gems/actionpack-5.2.3/lib/action_dispatch/http/response.rb:412 [ActionDispatch::Response#parse_content_type]
                    R vendor/bundle/gems/actionpack-5.2.3/lib/action_dispatch/http/response.rb:418 [ActionDispatch::Response#parse_content_type]
                  R vendor/bundle/gems/actionpack-5.2.3/lib/action_dispatch/http/response.rb:424 [ActionDispatch::Response#parsed_content_type_header]
                  C vendor/bundle/gems/actionpack-5.2.3/lib/action_dispatch/http/response.rb:426 [ActionDispatch::Response#set_content_type]
                    C vendor/bundle/gems/actionpack-5.2.3/lib/action_dispatch/http/response.rb:183 [ActionDispatch::Response#set_header]
                      C vendor/bundle/gems/actionpack-5.2.3/lib/action_dispatch/http/response.rb:44 [ActionDispatch::Response::Header#[]=]
                        C vendor/bundle/gems/actionpack-5.2.3/lib/action_dispatch/http/response.rb:219 [ActionDispatch::Response#sending?]
                        R vendor/bundle/gems/actionpack-5.2.3/lib/action_dispatch/http/response.rb:219 [ActionDispatch::Response#sending?]
                        C vendor/bundle/gems/actionpack-5.2.3/lib/action_dispatch/http/response.rb:221 [ActionDispatch::Response#sent?]
                        R vendor/bundle/gems/actionpack-5.2.3/lib/action_dispatch/http/response.rb:221 [ActionDispatch::Response#sent?]
                      R vendor/bundle/gems/actionpack-5.2.3/lib/action_dispatch/http/response.rb:49 [ActionDispatch::Response::Header#[]=]
                      R vendor/bundle/gems/actionpack-5.2.3/lib/action_dispatch/http/response.rb:50 [ActionDispatch::Response::Header#[]=]
                    R vendor/bundle/gems/actionpack-5.2.3/lib/action_dispatch/http/response.rb:183 [ActionDispatch::Response#set_header]
                  R vendor/bundle/gems/actionpack-5.2.3/lib/action_dispatch/http/response.rb:430 [ActionDispatch::Response#set_content_type]
                R vendor/bundle/gems/actionpack-5.2.3/lib/action_dispatch/http/response.rb:236 [ActionDispatch::Response#content_type=]
              R vendor/bundle/gems/actionpack-5.2.3/lib/action_controller/metal.rb:150 [ActionController::Metal#content_type=]
              R vendor/bundle/gems/actionpack-5.2.3/lib/action_controller/metal/renderers.rb:150 [ActionController::Renderers#_render_with_renderer_json]
            R vendor/bundle/gems/actionpack-5.2.3/lib/action_controller/metal/renderers.rb:146 [ActionController::Renderers#_render_to_body_with_renderer]
          R vendor/bundle/gems/actionpack-5.2.3/lib/action_controller/metal/renderers.rb:143 [ActionController::Renderers#render_to_body]
          C vendor/bundle/gems/actionpack-5.2.3/lib/abstract_controller/rendering.rb:54 [AbstractController::Rendering#rendered_format]
            C vendor/bundle/gems/actionpack-5.2.3/lib/action_dispatch/http/mime_type.rb:40 [Mime.[]]
              C vendor/bundle/gems/actionpack-5.2.3/lib/action_dispatch/http/mime_type.rb:148 [Mime::Type.lookup_by_extension]
              R vendor/bundle/gems/actionpack-5.2.3/lib/action_dispatch/http/mime_type.rb:150 [Mime::Type.lookup_by_extension]
            R vendor/bundle/gems/actionpack-5.2.3/lib/action_dispatch/http/mime_type.rb:43 [Mime.[]]
          R vendor/bundle/gems/actionpack-5.2.3/lib/abstract_controller/rendering.rb:56 [AbstractController::Rendering#rendered_format]
          C vendor/bundle/gems/actionpack-5.2.3/lib/action_controller/metal/rendering.rb:75 [ActionController::Rendering#_set_rendered_content_type]
            C vendor/bundle/gems/actionpack-5.2.3/lib/action_dispatch/http/response.rb:247 [ActionDispatch::Response#content_type]
              C vendor/bundle/gems/actionpack-5.2.3/lib/action_dispatch/http/response.rb:422 [ActionDispatch::Response#parsed_content_type_header]
                C vendor/bundle/gems/actionpack-5.2.3/lib/action_dispatch/http/response.rb:182 [ActionDispatch::Response#get_header]
                R vendor/bundle/gems/actionpack-5.2.3/lib/action_dispatch/http/response.rb:182 [0x00007faf2c913e48#[]]
                R vendor/bundle/gems/actionpack-5.2.3/lib/action_dispatch/http/response.rb:182 [ActionDispatch::Response#get_header]
                C vendor/bundle/gems/actionpack-5.2.3/lib/action_dispatch/http/response.rb:412 [ActionDispatch::Response#parse_content_type]
                R vendor/bundle/gems/actionpack-5.2.3/lib/action_dispatch/http/response.rb:418 [ActionDispatch::Response#parse_content_type]
              R vendor/bundle/gems/actionpack-5.2.3/lib/action_dispatch/http/response.rb:424 [ActionDispatch::Response#parsed_content_type_header]
            R vendor/bundle/gems/actionpack-5.2.3/lib/action_dispatch/http/response.rb:249 [ActionDispatch::Response#content_type]
          R vendor/bundle/gems/actionpack-5.2.3/lib/action_controller/metal/rendering.rb:79 [ActionController::Rendering#_set_rendered_content_type]
          C vendor/bundle/gems/actionpack-5.2.3/lib/action_controller/metal.rb:175 [ActionController::Metal#response_body=]
            C vendor/bundle/gems/actionpack-5.2.3/lib/action_dispatch/http/response.rb:352 [ActionDispatch::Response#reset_body!]
              C vendor/bundle/gems/actionpack-5.2.3/lib/action_dispatch/http/response.rb:452 [ActionDispatch::Response#build_buffer]
                C vendor/bundle/gems/actionpack-5.2.3/lib/action_dispatch/http/response.rb:100 [ActionDispatch::Response::Buffer#initialize]
                R vendor/bundle/gems/actionpack-5.2.3/lib/action_dispatch/http/response.rb:105 [ActionDispatch::Response::Buffer#initialize]
              R vendor/bundle/gems/actionpack-5.2.3/lib/action_dispatch/http/response.rb:454 [ActionDispatch::Response#build_buffer]
            R vendor/bundle/gems/actionpack-5.2.3/lib/action_dispatch/http/response.rb:354 [ActionDispatch::Response#reset_body!]
            C vendor/bundle/gems/actionpack-5.2.3/lib/action_dispatch/http/response.rb:312 [ActionDispatch::Response#body=]
              C vendor/bundle/gems/actionpack-5.2.3/lib/action_dispatch/http/response.rb:456 [ActionDispatch::Response#munge_body_object]
              R vendor/bundle/gems/actionpack-5.2.3/lib/action_dispatch/http/response.rb:458 [ActionDispatch::Response#munge_body_object]
              C vendor/bundle/gems/actionpack-5.2.3/lib/action_dispatch/http/response.rb:452 [ActionDispatch::Response#build_buffer]
                C vendor/bundle/gems/actionpack-5.2.3/lib/action_dispatch/http/response.rb:100 [ActionDispatch::Response::Buffer#initialize]
                R vendor/bundle/gems/actionpack-5.2.3/lib/action_dispatch/http/response.rb:105 [ActionDispatch::Response::Buffer#initialize]
              R vendor/bundle/gems/actionpack-5.2.3/lib/action_dispatch/http/response.rb:454 [ActionDispatch::Response#build_buffer]
            R vendor/bundle/gems/actionpack-5.2.3/lib/action_dispatch/http/response.rb:320 [ActionDispatch::Response#body=]
          R vendor/bundle/gems/actionpack-5.2.3/lib/action_controller/metal.rb:181 [ActionController::Metal#response_body=]
        R vendor/bundle/gems/actionpack-5.2.3/lib/abstract_controller/rendering.rb:32 [ActionController::Instrumentation#render]
      R vendor/bundle/gems/actionpack-5.2.3/lib/action_controller/metal/rendering.rb:37 [ActionController::Instrumentation#render]
    R vendor/bundle/gems/actionpack-5.2.3/lib/action_controller/metal/instrumentation.rb:88 [ActiveRecord::Railties::ControllerRuntime#cleanup_view_runtime]
    C vendor/bundle/gems/activerecord-5.2.3/lib/active_record/log_subscriber.rb:15 [ActiveRecord::LogSubscriber.reset_runtime]
      C vendor/bundle/gems/activerecord-5.2.3/lib/active_record/log_subscriber.rb:11 [ActiveRecord::LogSubscriber.runtime]
        C vendor/bundle/gems/activerecord-5.2.3/lib/active_record/runtime_registry.rb:20 [ActiveRecord::RuntimeRegistry.sql_runtime]
        R vendor/bundle/gems/activerecord-5.2.3/lib/active_record/runtime_registry.rb:20 [ActiveRecord::RuntimeRegistry.sql_runtime]
      R vendor/bundle/gems/activerecord-5.2.3/lib/active_record/log_subscriber.rb:13 [ActiveRecord::LogSubscriber.runtime]
      C vendor/bundle/gems/activerecord-5.2.3/lib/active_record/log_subscriber.rb:7 [ActiveRecord::LogSubscriber.runtime=]
        C vendor/bundle/gems/activerecord-5.2.3/lib/active_record/runtime_registry.rb:21 [ActiveRecord::RuntimeRegistry.sql_runtime=]
        R vendor/bundle/gems/activerecord-5.2.3/lib/active_record/runtime_registry.rb:21 [ActiveRecord::RuntimeRegistry.sql_runtime=]
      R vendor/bundle/gems/activerecord-5.2.3/lib/active_record/log_subscriber.rb:9 [ActiveRecord::LogSubscriber.runtime=]
    R vendor/bundle/gems/activerecord-5.2.3/lib/active_record/log_subscriber.rb:18 [ActiveRecord::LogSubscriber.reset_runtime]
  R vendor/bundle/gems/activerecord-5.2.3/lib/active_record/railties/controller_runtime.rb:38 [ActiveRecord::Railties::ControllerRuntime#cleanup_view_runtime]
R vendor/bundle/gems/actionpack-5.2.3/lib/action_controller/metal/instrumentation.rb:49 [ActionController::Instrumentation#render]

Result: []
