Logged by TraceLocation gem at 2019-06-08 01:10:24 +0900
https://github.com/yhirano55/trace_location

[Tracing events] C: Call, R: Return

C vendor/bundle/gems/activerecord-5.2.3/lib/active_record/connection_handling.rb:49 [ActiveRecord::ConnectionHandling.establish_connection]
  C vendor/bundle/gems/activerecord-5.2.3/lib/active_record/core.rb:59 [ActiveRecord::Base.configurations]
  R vendor/bundle/gems/activerecord-5.2.3/lib/active_record/core.rb:61 [ActiveRecord::Base.configurations]
  C vendor/bundle/gems/activerecord-5.2.3/lib/active_record/connection_adapters/connection_specification.rb:121 [ActiveRecord::ConnectionAdapters::ConnectionSpecification::Resolver#initialize]
  R vendor/bundle/gems/activerecord-5.2.3/lib/active_record/connection_adapters/connection_specification.rb:123 [ActiveRecord::ConnectionAdapters::ConnectionSpecification::Resolver#initialize]
  C vendor/bundle/gems/activerecord-5.2.3/lib/active_record/connection_adapters/connection_specification.rb:141 [ActiveRecord::ConnectionAdapters::ConnectionSpecification::Resolver#resolve]
    C vendor/bundle/gems/activerecord-5.2.3/lib/active_record/connection_adapters/connection_specification.rb:238 [ActiveRecord::ConnectionAdapters::ConnectionSpecification::Resolver#resolve_connection]
      C vendor/bundle/gems/activerecord-5.2.3/lib/active_record/connection_adapters/connection_specification.rb:268 [ActiveRecord::ConnectionAdapters::ConnectionSpecification::Resolver#resolve_hash_connection]
      R vendor/bundle/gems/activerecord-5.2.3/lib/active_record/connection_adapters/connection_specification.rb:274 [ActiveRecord::ConnectionAdapters::ConnectionSpecification::Resolver#resolve_hash_connection]
    R vendor/bundle/gems/activerecord-5.2.3/lib/active_record/connection_adapters/connection_specification.rb:247 [ActiveRecord::ConnectionAdapters::ConnectionSpecification::Resolver#resolve_connection]
  R vendor/bundle/gems/activerecord-5.2.3/lib/active_record/connection_adapters/connection_specification.rb:149 [ActiveRecord::ConnectionAdapters::ConnectionSpecification::Resolver#resolve]
  C vendor/bundle/gems/activesupport-5.2.3/lib/active_support/core_ext/hash/keys.rb:56 [Hash#symbolize_keys]
  R vendor/bundle/gems/activesupport-5.2.3/lib/active_support/core_ext/hash/keys.rb:58 [Hash#symbolize_keys]
  C vendor/bundle/gems/activerecord-5.2.3/lib/active_record/core.rb:130 [ActiveRecord::Base.connection_handler]
    C vendor/bundle/gems/activerecord-5.2.3/lib/active_record/runtime_registry.rb:20 [ActiveRecord::RuntimeRegistry.connection_handler]
      C vendor/bundle/gems/activesupport-5.2.3/lib/active_support/per_thread_registry.rb:46 [ActiveSupport::PerThreadRegistry.instance]
      R vendor/bundle/gems/activesupport-5.2.3/lib/active_support/per_thread_registry.rb:48 [ActiveSupport::PerThreadRegistry.instance]
    R vendor/bundle/gems/activerecord-5.2.3/lib/active_record/runtime_registry.rb:20 [ActiveRecord::RuntimeRegistry.connection_handler]
    C vendor/bundle/gems/activesupport-5.2.3/lib/active_support/core_ext/class/attribute.rb:106 [ActiveRecord::Base.default_connection_handler]
  R vendor/bundle/gems/activerecord-5.2.3/lib/active_record/core.rb:131 [ActiveRecord::Base.default_connection_handler]
  R vendor/bundle/gems/activerecord-5.2.3/lib/active_record/core.rb:132 [ActiveRecord::Base.connection_handler]
  C vendor/bundle/gems/activerecord-5.2.3/lib/active_record/connection_adapters/abstract/connection_pool.rb:954 [ActiveRecord::ConnectionAdapters::ConnectionHandler#establish_connection]
    C vendor/bundle/gems/activerecord-5.2.3/lib/active_record/core.rb:59 [ActiveRecord::Base.configurations]
    R vendor/bundle/gems/activerecord-5.2.3/lib/active_record/core.rb:61 [ActiveRecord::Base.configurations]
    C vendor/bundle/gems/activerecord-5.2.3/lib/active_record/connection_adapters/connection_specification.rb:121 [ActiveRecord::ConnectionAdapters::ConnectionSpecification::Resolver#initialize]
    R vendor/bundle/gems/activerecord-5.2.3/lib/active_record/connection_adapters/connection_specification.rb:123 [ActiveRecord::ConnectionAdapters::ConnectionSpecification::Resolver#initialize]
    C vendor/bundle/gems/activerecord-5.2.3/lib/active_record/connection_adapters/connection_specification.rb:181 [ActiveRecord::ConnectionAdapters::ConnectionSpecification::Resolver#spec]
      C vendor/bundle/gems/activerecord-5.2.3/lib/active_record/connection_adapters/connection_specification.rb:141 [ActiveRecord::ConnectionAdapters::ConnectionSpecification::Resolver#resolve]
        C vendor/bundle/gems/activerecord-5.2.3/lib/active_record/connection_adapters/connection_specification.rb:238 [ActiveRecord::ConnectionAdapters::ConnectionSpecification::Resolver#resolve_connection]
          C vendor/bundle/gems/activerecord-5.2.3/lib/active_record/connection_adapters/connection_specification.rb:268 [ActiveRecord::ConnectionAdapters::ConnectionSpecification::Resolver#resolve_hash_connection]
          R vendor/bundle/gems/activerecord-5.2.3/lib/active_record/connection_adapters/connection_specification.rb:274 [ActiveRecord::ConnectionAdapters::ConnectionSpecification::Resolver#resolve_hash_connection]
        R vendor/bundle/gems/activerecord-5.2.3/lib/active_record/connection_adapters/connection_specification.rb:247 [ActiveRecord::ConnectionAdapters::ConnectionSpecification::Resolver#resolve_connection]
      R vendor/bundle/gems/activerecord-5.2.3/lib/active_record/connection_adapters/connection_specification.rb:149 [ActiveRecord::ConnectionAdapters::ConnectionSpecification::Resolver#resolve]
      C vendor/bundle/gems/activesupport-5.2.3/lib/active_support/core_ext/hash/keys.rb:56 [Hash#symbolize_keys]
      R vendor/bundle/gems/activesupport-5.2.3/lib/active_support/core_ext/hash/keys.rb:58 [Hash#symbolize_keys]
      C vendor/bundle/gems/activesupport-5.2.3/lib/active_support/dependencies.rb:289 [ActiveSupport::Dependencies::Loadable#require]
        C vendor/bundle/gems/activesupport-5.2.3/lib/active_support/dependencies.rb:251 [ActiveSupport::Dependencies::Loadable#load_dependency]
          C vendor/bundle/gems/activesupport-5.2.3/lib/active_support/dependencies.rb:328 [ActiveSupport::Dependencies.load?]
            C vendor/bundle/gems/activesupport-5.2.3/lib/active_support/core_ext/module/attribute_accessors.rb:60 [ActiveSupport::Dependencies.mechanism]
            R vendor/bundle/gems/activesupport-5.2.3/lib/active_support/core_ext/module/attribute_accessors.rb:62 [ActiveSupport::Dependencies.mechanism]
          R vendor/bundle/gems/activesupport-5.2.3/lib/active_support/dependencies.rb:330 [ActiveSupport::Dependencies.load?]
          C vendor/bundle/gems/activesupport-5.2.3/lib/active_support/core_ext/module/attribute_accessors.rb:60 [ActiveSupport::Dependencies.constant_watch_stack]
          R vendor/bundle/gems/activesupport-5.2.3/lib/active_support/core_ext/module/attribute_accessors.rb:62 [ActiveSupport::Dependencies.constant_watch_stack]
          C vendor/bundle/gems/activesupport-5.2.3/lib/active_support/dependencies.rb:111 [ActiveSupport::Dependencies::WatchStack#watching?]
          R vendor/bundle/gems/activesupport-5.2.3/lib/active_support/dependencies.rb:113 [ActiveSupport::Dependencies::WatchStack#watching?]
        R vendor/bundle/gems/activesupport-5.2.3/lib/active_support/dependencies.rb:262 [ActiveSupport::Dependencies::Loadable#load_dependency]
      R vendor/bundle/gems/activesupport-5.2.3/lib/active_support/dependencies.rb:293 [ActiveSupport::Dependencies::Loadable#require]
      C vendor/bundle/gems/activerecord-5.2.3/lib/active_record/connection_adapters/connection_specification.rb:10 [ActiveRecord::ConnectionAdapters::ConnectionSpecification#initialize]
      R vendor/bundle/gems/activerecord-5.2.3/lib/active_record/connection_adapters/connection_specification.rb:12 [ActiveRecord::ConnectionAdapters::ConnectionSpecification#initialize]
    R vendor/bundle/gems/activerecord-5.2.3/lib/active_record/connection_adapters/connection_specification.rb:214 [ActiveRecord::ConnectionAdapters::ConnectionSpecification::Resolver#spec]
    C vendor/bundle/gems/activerecord-5.2.3/lib/active_record/connection_adapters/abstract/connection_pool.rb:1028 [ActiveRecord::ConnectionAdapters::ConnectionHandler#remove_connection]
      C vendor/bundle/gems/activerecord-5.2.3/lib/active_record/connection_adapters/abstract/connection_pool.rb:1058 [ActiveRecord::ConnectionAdapters::ConnectionHandler#owner_to_pool]
        C vendor/bundle/gems/concurrent-ruby-1.1.5/lib/concurrent/map.rb:132 [Concurrent::Map#[]]
          C vendor/bundle/gems/concurrent-ruby-1.1.5/lib/concurrent/collection/map/non_concurrent_map_backend.rb:19 [Concurrent::Map#[]]
          R vendor/bundle/gems/concurrent-ruby-1.1.5/lib/concurrent/collection/map/non_concurrent_map_backend.rb:21 [Concurrent::Map#[]]
        R vendor/bundle/gems/concurrent-ruby-1.1.5/lib/concurrent/map.rb:144 [Concurrent::Map#[]]
      R vendor/bundle/gems/activerecord-5.2.3/lib/active_record/connection_adapters/abstract/connection_pool.rb:1060 [ActiveRecord::ConnectionAdapters::ConnectionHandler#owner_to_pool]
      C vendor/bundle/gems/concurrent-ruby-1.1.5/lib/concurrent/collection/map/mri_map_backend.rb:53 [Concurrent::Collection::MriMapBackend#delete]
        C vendor/bundle/gems/concurrent-ruby-1.1.5/lib/concurrent/collection/map/non_concurrent_map_backend.rb:79 [Concurrent::Collection::MriMapBackend#delete]
        R vendor/bundle/gems/concurrent-ruby-1.1.5/lib/concurrent/collection/map/non_concurrent_map_backend.rb:81 [Concurrent::Collection::MriMapBackend#delete]
      R vendor/bundle/gems/concurrent-ruby-1.1.5/lib/concurrent/collection/map/mri_map_backend.rb:55 [Concurrent::Collection::MriMapBackend#delete]
      C vendor/bundle/gems/activerecord-5.2.3/lib/active_record/connection_adapters/abstract/connection_pool.rb:454 [ActiveRecord::ConnectionAdapters::ConnectionPool#disconnect!]
        C vendor/bundle/gems/activerecord-5.2.3/lib/active_record/connection_adapters/abstract/connection_pool.rb:432 [ActiveRecord::ConnectionAdapters::ConnectionPool#disconnect]
          C vendor/bundle/gems/activerecord-5.2.3/lib/active_record/connection_adapters/abstract/connection_pool.rb:675 [ActiveRecord::ConnectionAdapters::ConnectionPool#with_exclusively_acquired_all_connections]
            C vendor/bundle/gems/activerecord-5.2.3/lib/active_record/connection_adapters/abstract/connection_pool.rb:748 [ActiveRecord::ConnectionAdapters::ConnectionPool#with_new_connections_blocked]
              C /Users/yhirano/.rbenv/versions/2.6.3/lib/ruby/2.6.0/monitor.rb:227 [MonitorMixin#mon_synchronize]
                C /Users/yhirano/.rbenv/versions/2.6.3/lib/ruby/2.6.0/monitor.rb:187 [MonitorMixin#mon_enter]
                R /Users/yhirano/.rbenv/versions/2.6.3/lib/ruby/2.6.0/monitor.rb:194 [MonitorMixin#mon_enter]
                C /Users/yhirano/.rbenv/versions/2.6.3/lib/ruby/2.6.0/monitor.rb:199 [MonitorMixin#mon_exit]
                  C /Users/yhirano/.rbenv/versions/2.6.3/lib/ruby/2.6.0/monitor.rb:267 [MonitorMixin#mon_check_owner]
                  R /Users/yhirano/.rbenv/versions/2.6.3/lib/ruby/2.6.0/monitor.rb:271 [MonitorMixin#mon_check_owner]
                R /Users/yhirano/.rbenv/versions/2.6.3/lib/ruby/2.6.0/monitor.rb:206 [MonitorMixin#mon_exit]
              R /Users/yhirano/.rbenv/versions/2.6.3/lib/ruby/2.6.0/monitor.rb:234 [MonitorMixin#mon_synchronize]
              C vendor/bundle/gems/activerecord-5.2.3/lib/active_record/connection_adapters/abstract/connection_pool.rb:682 [ActiveRecord::ConnectionAdapters::ConnectionPool#attempt_to_checkout_all_existing_connections]
                C /Users/yhirano/.rbenv/versions/2.6.3/lib/ruby/2.6.0/monitor.rb:227 [MonitorMixin#mon_synchronize]
                  C /Users/yhirano/.rbenv/versions/2.6.3/lib/ruby/2.6.0/monitor.rb:187 [MonitorMixin#mon_enter]
                  R /Users/yhirano/.rbenv/versions/2.6.3/lib/ruby/2.6.0/monitor.rb:194 [MonitorMixin#mon_enter]
                  C /Users/yhirano/.rbenv/versions/2.6.3/lib/ruby/2.6.0/monitor.rb:199 [MonitorMixin#mon_exit]
                    C /Users/yhirano/.rbenv/versions/2.6.3/lib/ruby/2.6.0/monitor.rb:267 [MonitorMixin#mon_check_owner]
                    R /Users/yhirano/.rbenv/versions/2.6.3/lib/ruby/2.6.0/monitor.rb:271 [MonitorMixin#mon_check_owner]
                  R /Users/yhirano/.rbenv/versions/2.6.3/lib/ruby/2.6.0/monitor.rb:206 [MonitorMixin#mon_exit]
                R /Users/yhirano/.rbenv/versions/2.6.3/lib/ruby/2.6.0/monitor.rb:234 [MonitorMixin#mon_synchronize]
                C vendor/bundle/gems/activesupport-5.2.3/lib/active_support/core_ext/time/calculations.rb:261 [Time#plus_with_duration]
                  C vendor/bundle/gems/activesupport-5.2.3/lib/active_support/duration.rb:144 [ActiveSupport::Duration.===]
                  R vendor/bundle/gems/activesupport-5.2.3/lib/active_support/duration.rb:148 [ActiveSupport::Duration.===]
                R vendor/bundle/gems/activesupport-5.2.3/lib/active_support/core_ext/time/calculations.rb:267 [Time#plus_with_duration]
                C vendor/bundle/gems/activerecord-5.2.3/lib/active_record/connection_adapters/abstract/connection_pool.rb:251 [ActiveRecord::ConnectionAdapters::ConnectionPool::BiasableQueue#with_a_bias_for]
                  C vendor/bundle/gems/activerecord-5.2.3/lib/active_record/connection_adapters/abstract/connection_pool.rb:154 [ActiveRecord::ConnectionAdapters::ConnectionPool::Queue#synchronize]
                    C /Users/yhirano/.rbenv/versions/2.6.3/lib/ruby/2.6.0/monitor.rb:227 [MonitorMixin#mon_synchronize]
                      C /Users/yhirano/.rbenv/versions/2.6.3/lib/ruby/2.6.0/monitor.rb:187 [MonitorMixin#mon_enter]
                      R /Users/yhirano/.rbenv/versions/2.6.3/lib/ruby/2.6.0/monitor.rb:194 [MonitorMixin#mon_enter]
                      C vendor/bundle/gems/activerecord-5.2.3/lib/active_record/connection_adapters/abstract/connection_pool.rb:215 [ActiveRecord::ConnectionAdapters::ConnectionPool::BiasableQueue::BiasedConditionVariable#initialize]
                        C /Users/yhirano/.rbenv/versions/2.6.3/lib/ruby/2.6.0/monitor.rb:241 [MonitorMixin#new_cond]
                          C /Users/yhirano/.rbenv/versions/2.6.3/lib/ruby/2.6.0/monitor.rb:156 [MonitorMixin::ConditionVariable#initialize]
                          R /Users/yhirano/.rbenv/versions/2.6.3/lib/ruby/2.6.0/monitor.rb:159 [MonitorMixin::ConditionVariable#initialize]
                        R /Users/yhirano/.rbenv/versions/2.6.3/lib/ruby/2.6.0/monitor.rb:243 [MonitorMixin#new_cond]
                      R vendor/bundle/gems/activerecord-5.2.3/lib/active_record/connection_adapters/abstract/connection_pool.rb:220 [ActiveRecord::ConnectionAdapters::ConnectionPool::BiasableQueue::BiasedConditionVariable#initialize]
                      C /Users/yhirano/.rbenv/versions/2.6.3/lib/ruby/2.6.0/monitor.rb:199 [MonitorMixin#mon_exit]
                        C /Users/yhirano/.rbenv/versions/2.6.3/lib/ruby/2.6.0/monitor.rb:267 [MonitorMixin#mon_check_owner]
                        R /Users/yhirano/.rbenv/versions/2.6.3/lib/ruby/2.6.0/monitor.rb:271 [MonitorMixin#mon_check_owner]
                      R /Users/yhirano/.rbenv/versions/2.6.3/lib/ruby/2.6.0/monitor.rb:206 [MonitorMixin#mon_exit]
                    R /Users/yhirano/.rbenv/versions/2.6.3/lib/ruby/2.6.0/monitor.rb:234 [MonitorMixin#mon_synchronize]
                  R vendor/bundle/gems/activerecord-5.2.3/lib/active_record/connection_adapters/abstract/connection_pool.rb:156 [ActiveRecord::ConnectionAdapters::ConnectionPool::Queue#synchronize]
                  C /Users/yhirano/.rbenv/versions/2.6.3/lib/ruby/2.6.0/monitor.rb:227 [MonitorMixin#mon_synchronize]
                    C /Users/yhirano/.rbenv/versions/2.6.3/lib/ruby/2.6.0/monitor.rb:187 [MonitorMixin#mon_enter]
                    R /Users/yhirano/.rbenv/versions/2.6.3/lib/ruby/2.6.0/monitor.rb:194 [MonitorMixin#mon_enter]
                    C /Users/yhirano/.rbenv/versions/2.6.3/lib/ruby/2.6.0/monitor.rb:199 [MonitorMixin#mon_exit]
                      C /Users/yhirano/.rbenv/versions/2.6.3/lib/ruby/2.6.0/monitor.rb:267 [MonitorMixin#mon_check_owner]
                      R /Users/yhirano/.rbenv/versions/2.6.3/lib/ruby/2.6.0/monitor.rb:271 [MonitorMixin#mon_check_owner]
                    R /Users/yhirano/.rbenv/versions/2.6.3/lib/ruby/2.6.0/monitor.rb:206 [MonitorMixin#mon_exit]
                  R /Users/yhirano/.rbenv/versions/2.6.3/lib/ruby/2.6.0/monitor.rb:232 [MonitorMixin#mon_synchronize]
                  C vendor/bundle/gems/activerecord-5.2.3/lib/active_record/connection_adapters/abstract/connection_pool.rb:154 [ActiveRecord::ConnectionAdapters::ConnectionPool::Queue#synchronize]
                    C /Users/yhirano/.rbenv/versions/2.6.3/lib/ruby/2.6.0/monitor.rb:227 [MonitorMixin#mon_synchronize]
                      C /Users/yhirano/.rbenv/versions/2.6.3/lib/ruby/2.6.0/monitor.rb:187 [MonitorMixin#mon_enter]
                      R /Users/yhirano/.rbenv/versions/2.6.3/lib/ruby/2.6.0/monitor.rb:194 [MonitorMixin#mon_enter]
                      C vendor/bundle/gems/activerecord-5.2.3/lib/active_record/connection_adapters/abstract/connection_pool.rb:227 [ActiveRecord::ConnectionAdapters::ConnectionPool::BiasableQueue::BiasedConditionVariable#broadcast_on_biased]
                        C /Users/yhirano/.rbenv/versions/2.6.3/lib/ruby/2.6.0/monitor.rb:149 [MonitorMixin::ConditionVariable#broadcast]
                          C /Users/yhirano/.rbenv/versions/2.6.3/lib/ruby/2.6.0/monitor.rb:267 [MonitorMixin#mon_check_owner]
                          R /Users/yhirano/.rbenv/versions/2.6.3/lib/ruby/2.6.0/monitor.rb:271 [MonitorMixin#mon_check_owner]
                        R /Users/yhirano/.rbenv/versions/2.6.3/lib/ruby/2.6.0/monitor.rb:152 [MonitorMixin::ConditionVariable#broadcast]
                      R vendor/bundle/gems/activerecord-5.2.3/lib/active_record/connection_adapters/abstract/connection_pool.rb:230 [ActiveRecord::ConnectionAdapters::ConnectionPool::BiasableQueue::BiasedConditionVariable#broadcast_on_biased]
                      C /Users/yhirano/.rbenv/versions/2.6.3/lib/ruby/2.6.0/monitor.rb:199 [MonitorMixin#mon_exit]
                        C /Users/yhirano/.rbenv/versions/2.6.3/lib/ruby/2.6.0/monitor.rb:267 [MonitorMixin#mon_check_owner]
                        R /Users/yhirano/.rbenv/versions/2.6.3/lib/ruby/2.6.0/monitor.rb:271 [MonitorMixin#mon_check_owner]
                      R /Users/yhirano/.rbenv/versions/2.6.3/lib/ruby/2.6.0/monitor.rb:206 [MonitorMixin#mon_exit]
                    R /Users/yhirano/.rbenv/versions/2.6.3/lib/ruby/2.6.0/monitor.rb:234 [MonitorMixin#mon_synchronize]
                  R vendor/bundle/gems/activerecord-5.2.3/lib/active_record/connection_adapters/abstract/connection_pool.rb:156 [ActiveRecord::ConnectionAdapters::ConnectionPool::Queue#synchronize]
                R vendor/bundle/gems/activerecord-5.2.3/lib/active_record/connection_adapters/abstract/connection_pool.rb:260 [ActiveRecord::ConnectionAdapters::ConnectionPool::BiasableQueue#with_a_bias_for]
              R vendor/bundle/gems/activerecord-5.2.3/lib/active_record/connection_adapters/abstract/connection_pool.rb:722 [ActiveRecord::ConnectionAdapters::ConnectionPool#attempt_to_checkout_all_existing_connections]
              C /Users/yhirano/.rbenv/versions/2.6.3/lib/ruby/2.6.0/monitor.rb:227 [MonitorMixin#mon_synchronize]
                C /Users/yhirano/.rbenv/versions/2.6.3/lib/ruby/2.6.0/monitor.rb:187 [MonitorMixin#mon_enter]
                R /Users/yhirano/.rbenv/versions/2.6.3/lib/ruby/2.6.0/monitor.rb:194 [MonitorMixin#mon_enter]
                C vendor/bundle/gems/activerecord-5.2.3/lib/active_record/connection_adapters/abstract/connection_pool.rb:124 [ActiveRecord::ConnectionAdapters::ConnectionPool::Queue#clear]
                  C vendor/bundle/gems/activerecord-5.2.3/lib/active_record/connection_adapters/abstract/connection_pool.rb:154 [ActiveRecord::ConnectionAdapters::ConnectionPool::Queue#synchronize]
                    C /Users/yhirano/.rbenv/versions/2.6.3/lib/ruby/2.6.0/monitor.rb:227 [MonitorMixin#mon_synchronize]
                      C /Users/yhirano/.rbenv/versions/2.6.3/lib/ruby/2.6.0/monitor.rb:187 [MonitorMixin#mon_enter]
                      R /Users/yhirano/.rbenv/versions/2.6.3/lib/ruby/2.6.0/monitor.rb:194 [MonitorMixin#mon_enter]
                      C /Users/yhirano/.rbenv/versions/2.6.3/lib/ruby/2.6.0/monitor.rb:199 [MonitorMixin#mon_exit]
                        C /Users/yhirano/.rbenv/versions/2.6.3/lib/ruby/2.6.0/monitor.rb:267 [MonitorMixin#mon_check_owner]
                        R /Users/yhirano/.rbenv/versions/2.6.3/lib/ruby/2.6.0/monitor.rb:271 [MonitorMixin#mon_check_owner]
                      R /Users/yhirano/.rbenv/versions/2.6.3/lib/ruby/2.6.0/monitor.rb:206 [MonitorMixin#mon_exit]
                    R /Users/yhirano/.rbenv/versions/2.6.3/lib/ruby/2.6.0/monitor.rb:234 [MonitorMixin#mon_synchronize]
                  R vendor/bundle/gems/activerecord-5.2.3/lib/active_record/connection_adapters/abstract/connection_pool.rb:156 [ActiveRecord::ConnectionAdapters::ConnectionPool::Queue#synchronize]
                R vendor/bundle/gems/activerecord-5.2.3/lib/active_record/connection_adapters/abstract/connection_pool.rb:128 [ActiveRecord::ConnectionAdapters::ConnectionPool::Queue#clear]
                C /Users/yhirano/.rbenv/versions/2.6.3/lib/ruby/2.6.0/monitor.rb:199 [MonitorMixin#mon_exit]
                  C /Users/yhirano/.rbenv/versions/2.6.3/lib/ruby/2.6.0/monitor.rb:267 [MonitorMixin#mon_check_owner]
                  R /Users/yhirano/.rbenv/versions/2.6.3/lib/ruby/2.6.0/monitor.rb:271 [MonitorMixin#mon_check_owner]
                R /Users/yhirano/.rbenv/versions/2.6.3/lib/ruby/2.6.0/monitor.rb:206 [MonitorMixin#mon_exit]
              R /Users/yhirano/.rbenv/versions/2.6.3/lib/ruby/2.6.0/monitor.rb:234 [MonitorMixin#mon_synchronize]
              C /Users/yhirano/.rbenv/versions/2.6.3/lib/ruby/2.6.0/monitor.rb:227 [MonitorMixin#mon_synchronize]
                C /Users/yhirano/.rbenv/versions/2.6.3/lib/ruby/2.6.0/monitor.rb:187 [MonitorMixin#mon_enter]
                R /Users/yhirano/.rbenv/versions/2.6.3/lib/ruby/2.6.0/monitor.rb:194 [MonitorMixin#mon_enter]
                C vendor/bundle/gems/activerecord-5.2.3/lib/active_record/connection_adapters/abstract/connection_pool.rb:124 [ActiveRecord::ConnectionAdapters::ConnectionPool::Queue#clear]
                  C vendor/bundle/gems/activerecord-5.2.3/lib/active_record/connection_adapters/abstract/connection_pool.rb:154 [ActiveRecord::ConnectionAdapters::ConnectionPool::Queue#synchronize]
                    C /Users/yhirano/.rbenv/versions/2.6.3/lib/ruby/2.6.0/monitor.rb:227 [MonitorMixin#mon_synchronize]
                      C /Users/yhirano/.rbenv/versions/2.6.3/lib/ruby/2.6.0/monitor.rb:187 [MonitorMixin#mon_enter]
                      R /Users/yhirano/.rbenv/versions/2.6.3/lib/ruby/2.6.0/monitor.rb:194 [MonitorMixin#mon_enter]
                      C /Users/yhirano/.rbenv/versions/2.6.3/lib/ruby/2.6.0/monitor.rb:199 [MonitorMixin#mon_exit]
                        C /Users/yhirano/.rbenv/versions/2.6.3/lib/ruby/2.6.0/monitor.rb:267 [MonitorMixin#mon_check_owner]
                        R /Users/yhirano/.rbenv/versions/2.6.3/lib/ruby/2.6.0/monitor.rb:271 [MonitorMixin#mon_check_owner]
                      R /Users/yhirano/.rbenv/versions/2.6.3/lib/ruby/2.6.0/monitor.rb:206 [MonitorMixin#mon_exit]
                    R /Users/yhirano/.rbenv/versions/2.6.3/lib/ruby/2.6.0/monitor.rb:234 [MonitorMixin#mon_synchronize]
                  R vendor/bundle/gems/activerecord-5.2.3/lib/active_record/connection_adapters/abstract/connection_pool.rb:156 [ActiveRecord::ConnectionAdapters::ConnectionPool::Queue#synchronize]
                R vendor/bundle/gems/activerecord-5.2.3/lib/active_record/connection_adapters/abstract/connection_pool.rb:128 [ActiveRecord::ConnectionAdapters::ConnectionPool::Queue#clear]
                C vendor/bundle/gems/activerecord-5.2.3/lib/active_record/connection_adapters/abstract/connection_pool.rb:627 [ActiveRecord::ConnectionAdapters::ConnectionPool#num_waiting_in_queue]
                  C vendor/bundle/gems/activerecord-5.2.3/lib/active_record/connection_adapters/abstract/connection_pool.rb:102 [ActiveRecord::ConnectionAdapters::ConnectionPool::Queue#num_waiting]
                    C vendor/bundle/gems/activerecord-5.2.3/lib/active_record/connection_adapters/abstract/connection_pool.rb:154 [ActiveRecord::ConnectionAdapters::ConnectionPool::Queue#synchronize]
                      C /Users/yhirano/.rbenv/versions/2.6.3/lib/ruby/2.6.0/monitor.rb:227 [MonitorMixin#mon_synchronize]
                        C /Users/yhirano/.rbenv/versions/2.6.3/lib/ruby/2.6.0/monitor.rb:187 [MonitorMixin#mon_enter]
                        R /Users/yhirano/.rbenv/versions/2.6.3/lib/ruby/2.6.0/monitor.rb:194 [MonitorMixin#mon_enter]
                        C /Users/yhirano/.rbenv/versions/2.6.3/lib/ruby/2.6.0/monitor.rb:199 [MonitorMixin#mon_exit]
                          C /Users/yhirano/.rbenv/versions/2.6.3/lib/ruby/2.6.0/monitor.rb:267 [MonitorMixin#mon_check_owner]
                          R /Users/yhirano/.rbenv/versions/2.6.3/lib/ruby/2.6.0/monitor.rb:271 [MonitorMixin#mon_check_owner]
                        R /Users/yhirano/.rbenv/versions/2.6.3/lib/ruby/2.6.0/monitor.rb:206 [MonitorMixin#mon_exit]
                      R /Users/yhirano/.rbenv/versions/2.6.3/lib/ruby/2.6.0/monitor.rb:234 [MonitorMixin#mon_synchronize]
                    R vendor/bundle/gems/activerecord-5.2.3/lib/active_record/connection_adapters/abstract/connection_pool.rb:156 [ActiveRecord::ConnectionAdapters::ConnectionPool::Queue#synchronize]
                  R vendor/bundle/gems/activerecord-5.2.3/lib/active_record/connection_adapters/abstract/connection_pool.rb:106 [ActiveRecord::ConnectionAdapters::ConnectionPool::Queue#num_waiting]
                R vendor/bundle/gems/activerecord-5.2.3/lib/active_record/connection_adapters/abstract/connection_pool.rb:629 [ActiveRecord::ConnectionAdapters::ConnectionPool#num_waiting_in_queue]
                C /Users/yhirano/.rbenv/versions/2.6.3/lib/ruby/2.6.0/monitor.rb:199 [MonitorMixin#mon_exit]
                  C /Users/yhirano/.rbenv/versions/2.6.3/lib/ruby/2.6.0/monitor.rb:267 [MonitorMixin#mon_check_owner]
                  R /Users/yhirano/.rbenv/versions/2.6.3/lib/ruby/2.6.0/monitor.rb:271 [MonitorMixin#mon_check_owner]
                R /Users/yhirano/.rbenv/versions/2.6.3/lib/ruby/2.6.0/monitor.rb:206 [MonitorMixin#mon_exit]
              R /Users/yhirano/.rbenv/versions/2.6.3/lib/ruby/2.6.0/monitor.rb:234 [MonitorMixin#mon_synchronize]
            R vendor/bundle/gems/activerecord-5.2.3/lib/active_record/connection_adapters/abstract/connection_pool.rb:775 [ActiveRecord::ConnectionAdapters::ConnectionPool#with_new_connections_blocked]
          R vendor/bundle/gems/activerecord-5.2.3/lib/active_record/connection_adapters/abstract/connection_pool.rb:680 [ActiveRecord::ConnectionAdapters::ConnectionPool#with_exclusively_acquired_all_connections]
        R vendor/bundle/gems/activerecord-5.2.3/lib/active_record/connection_adapters/abstract/connection_pool.rb:446 [ActiveRecord::ConnectionAdapters::ConnectionPool#disconnect]
      R vendor/bundle/gems/activerecord-5.2.3/lib/active_record/connection_adapters/abstract/connection_pool.rb:456 [ActiveRecord::ConnectionAdapters::ConnectionPool#disconnect!]
    R vendor/bundle/gems/activerecord-5.2.3/lib/active_record/connection_adapters/abstract/connection_pool.rb:1034 [ActiveRecord::ConnectionAdapters::ConnectionHandler#remove_connection]
    C vendor/bundle/gems/activesupport-5.2.3/lib/active_support/notifications.rb:189 [ActiveSupport::Notifications.instrumenter]
      C vendor/bundle/gems/activesupport-5.2.3/lib/active_support/per_thread_registry.rb:46 [ActiveSupport::PerThreadRegistry.instance]
      R vendor/bundle/gems/activesupport-5.2.3/lib/active_support/per_thread_registry.rb:48 [ActiveSupport::PerThreadRegistry.instance]
      C vendor/bundle/gems/activesupport-5.2.3/lib/active_support/notifications.rb:209 [ActiveSupport::Notifications::InstrumentationRegistry#instrumenter_for]
      R vendor/bundle/gems/activesupport-5.2.3/lib/active_support/notifications.rb:211 [ActiveSupport::Notifications::InstrumentationRegistry#instrumenter_for]
    R vendor/bundle/gems/activesupport-5.2.3/lib/active_support/notifications.rb:191 [ActiveSupport::Notifications.instrumenter]
    C vendor/bundle/gems/activesupport-5.2.3/lib/active_support/notifications/instrumenter.rb:19 [ActiveSupport::Notifications::Instrumenter#instrument]
      C vendor/bundle/gems/activesupport-5.2.3/lib/active_support/notifications/instrumenter.rb:34 [ActiveSupport::Notifications::Instrumenter#start]
        C vendor/bundle/gems/activesupport-5.2.3/lib/active_support/notifications/fanout.rb:43 [ActiveSupport::Notifications::Fanout#start]
          C vendor/bundle/gems/activesupport-5.2.3/lib/active_support/notifications/fanout.rb:55 [ActiveSupport::Notifications::Fanout#listeners_for]
            C vendor/bundle/gems/concurrent-ruby-1.1.5/lib/concurrent/map.rb:132 [Concurrent::Map#[]]
              C vendor/bundle/gems/concurrent-ruby-1.1.5/lib/concurrent/collection/map/non_concurrent_map_backend.rb:19 [Concurrent::Map#[]]
              R vendor/bundle/gems/concurrent-ruby-1.1.5/lib/concurrent/collection/map/non_concurrent_map_backend.rb:21 [Concurrent::Map#[]]
            R vendor/bundle/gems/concurrent-ruby-1.1.5/lib/concurrent/map.rb:144 [Concurrent::Map#[]]
          R vendor/bundle/gems/activesupport-5.2.3/lib/active_support/notifications/fanout.rb:61 [ActiveSupport::Notifications::Fanout#listeners_for]
        R vendor/bundle/gems/activesupport-5.2.3/lib/active_support/notifications/fanout.rb:45 [ActiveSupport::Notifications::Fanout#start]
      R vendor/bundle/gems/activesupport-5.2.3/lib/active_support/notifications/instrumenter.rb:36 [ActiveSupport::Notifications::Instrumenter#start]
      C vendor/bundle/gems/activerecord-5.2.3/lib/active_record/connection_adapters/abstract/connection_pool.rb:1058 [ActiveRecord::ConnectionAdapters::ConnectionHandler#owner_to_pool]
        C vendor/bundle/gems/concurrent-ruby-1.1.5/lib/concurrent/map.rb:132 [Concurrent::Map#[]]
          C vendor/bundle/gems/concurrent-ruby-1.1.5/lib/concurrent/collection/map/non_concurrent_map_backend.rb:19 [Concurrent::Map#[]]
          R vendor/bundle/gems/concurrent-ruby-1.1.5/lib/concurrent/collection/map/non_concurrent_map_backend.rb:21 [Concurrent::Map#[]]
        R vendor/bundle/gems/concurrent-ruby-1.1.5/lib/concurrent/map.rb:144 [Concurrent::Map#[]]
      R vendor/bundle/gems/activerecord-5.2.3/lib/active_record/connection_adapters/abstract/connection_pool.rb:1060 [ActiveRecord::ConnectionAdapters::ConnectionHandler#owner_to_pool]
      C vendor/bundle/gems/activerecord-5.2.3/lib/active_record/connection_adapters/abstract/connection_pool.rb:321 [ActiveRecord::ConnectionAdapters::ConnectionPool#initialize]
        C vendor/bundle/gems/activerecord-5.2.3/lib/active_record/connection_adapters/abstract/query_cache.rb:29 [ActiveRecord::ConnectionAdapters::ConnectionPool#initialize]
          C /Users/yhirano/.rbenv/versions/2.6.3/lib/ruby/2.6.0/monitor.rb:250 [ActiveRecord::ConnectionAdapters::ConnectionPool#initialize]
            C /Users/yhirano/.rbenv/versions/2.6.3/lib/ruby/2.6.0/monitor.rb:257 [MonitorMixin#mon_initialize]
            R /Users/yhirano/.rbenv/versions/2.6.3/lib/ruby/2.6.0/monitor.rb:265 [MonitorMixin#mon_initialize]
          R /Users/yhirano/.rbenv/versions/2.6.3/lib/ruby/2.6.0/monitor.rb:253 [ActiveRecord::ConnectionAdapters::ConnectionPool#initialize]
          C vendor/bundle/gems/concurrent-ruby-1.1.5/lib/concurrent/map.rb:118 [Concurrent::Map#initialize]
            C vendor/bundle/gems/concurrent-ruby-1.1.5/lib/concurrent/collection/map/mri_map_backend.rb:12 [Concurrent::Map#initialize]
              C vendor/bundle/gems/concurrent-ruby-1.1.5/lib/concurrent/collection/map/non_concurrent_map_backend.rb:15 [Concurrent::Map#initialize]
              R vendor/bundle/gems/concurrent-ruby-1.1.5/lib/concurrent/collection/map/non_concurrent_map_backend.rb:17 [Concurrent::Map#initialize]
            R vendor/bundle/gems/concurrent-ruby-1.1.5/lib/concurrent/collection/map/mri_map_backend.rb:15 [Concurrent::Map#initialize]
          R vendor/bundle/gems/concurrent-ruby-1.1.5/lib/concurrent/map.rb:127 [Concurrent::Map#initialize]
        R vendor/bundle/gems/activerecord-5.2.3/lib/active_record/connection_adapters/abstract/query_cache.rb:32 [ActiveRecord::ConnectionAdapters::ConnectionPool#initialize]
        C vendor/bundle/gems/concurrent-ruby-1.1.5/lib/concurrent/map.rb:118 [Concurrent::Map#initialize]
          C vendor/bundle/gems/concurrent-ruby-1.1.5/lib/concurrent/map.rb:328 [Concurrent::Map#validate_options_hash!]
          R vendor/bundle/gems/concurrent-ruby-1.1.5/lib/concurrent/map.rb:335 [Concurrent::Map#validate_options_hash!]
          C vendor/bundle/gems/concurrent-ruby-1.1.5/lib/concurrent/collection/map/mri_map_backend.rb:12 [Concurrent::Map#initialize]
            C vendor/bundle/gems/concurrent-ruby-1.1.5/lib/concurrent/collection/map/non_concurrent_map_backend.rb:15 [Concurrent::Map#initialize]
            R vendor/bundle/gems/concurrent-ruby-1.1.5/lib/concurrent/collection/map/non_concurrent_map_backend.rb:17 [Concurrent::Map#initialize]
          R vendor/bundle/gems/concurrent-ruby-1.1.5/lib/concurrent/collection/map/mri_map_backend.rb:15 [Concurrent::Map#initialize]
        R vendor/bundle/gems/concurrent-ruby-1.1.5/lib/concurrent/map.rb:127 [Concurrent::Map#initialize]
        C vendor/bundle/gems/activerecord-5.2.3/lib/active_record/connection_adapters/abstract/connection_pool.rb:86 [ActiveRecord::ConnectionAdapters::ConnectionPool::Queue#initialize]
          C /Users/yhirano/.rbenv/versions/2.6.3/lib/ruby/2.6.0/monitor.rb:241 [MonitorMixin#new_cond]
            C /Users/yhirano/.rbenv/versions/2.6.3/lib/ruby/2.6.0/monitor.rb:156 [MonitorMixin::ConditionVariable#initialize]
            R /Users/yhirano/.rbenv/versions/2.6.3/lib/ruby/2.6.0/monitor.rb:159 [MonitorMixin::ConditionVariable#initialize]
          R /Users/yhirano/.rbenv/versions/2.6.3/lib/ruby/2.6.0/monitor.rb:243 [MonitorMixin#new_cond]
        R vendor/bundle/gems/activerecord-5.2.3/lib/active_record/connection_adapters/abstract/connection_pool.rb:91 [ActiveRecord::ConnectionAdapters::ConnectionPool::Queue#initialize]
        C vendor/bundle/gems/activerecord-5.2.3/lib/active_record/connection_adapters/abstract/connection_pool.rb:292 [ActiveRecord::ConnectionAdapters::ConnectionPool::Reaper#initialize]
        R vendor/bundle/gems/activerecord-5.2.3/lib/active_record/connection_adapters/abstract/connection_pool.rb:295 [ActiveRecord::ConnectionAdapters::ConnectionPool::Reaper#initialize]
        C vendor/bundle/gems/activerecord-5.2.3/lib/active_record/connection_adapters/abstract/connection_pool.rb:297 [ActiveRecord::ConnectionAdapters::ConnectionPool::Reaper#run]
        R vendor/bundle/gems/activerecord-5.2.3/lib/active_record/connection_adapters/abstract/connection_pool.rb:306 [ActiveRecord::ConnectionAdapters::ConnectionPool::Reaper#run]
      R vendor/bundle/gems/activerecord-5.2.3/lib/active_record/connection_adapters/abstract/connection_pool.rb:366 [ActiveRecord::ConnectionAdapters::ConnectionPool#initialize]
      C vendor/bundle/gems/concurrent-ruby-1.1.5/lib/concurrent/collection/map/mri_map_backend.rb:17 [Concurrent::Collection::MriMapBackend#[]=]
        C vendor/bundle/gems/concurrent-ruby-1.1.5/lib/concurrent/collection/map/non_concurrent_map_backend.rb:23 [Concurrent::Collection::MriMapBackend#[]=]
        R vendor/bundle/gems/concurrent-ruby-1.1.5/lib/concurrent/collection/map/non_concurrent_map_backend.rb:25 [Concurrent::Collection::MriMapBackend#[]=]
      R vendor/bundle/gems/concurrent-ruby-1.1.5/lib/concurrent/collection/map/mri_map_backend.rb:19 [Concurrent::Collection::MriMapBackend#[]=]
      C vendor/bundle/gems/activesupport-5.2.3/lib/active_support/notifications/instrumenter.rb:43 [ActiveSupport::Notifications::Instrumenter#finish_with_state]
        C vendor/bundle/gems/activesupport-5.2.3/lib/active_support/notifications/fanout.rb:47 [ActiveSupport::Notifications::Fanout#finish]
        R vendor/bundle/gems/activesupport-5.2.3/lib/active_support/notifications/fanout.rb:49 [ActiveSupport::Notifications::Fanout#finish]
      R vendor/bundle/gems/activesupport-5.2.3/lib/active_support/notifications/instrumenter.rb:45 [ActiveSupport::Notifications::Instrumenter#finish_with_state]
    R vendor/bundle/gems/activesupport-5.2.3/lib/active_support/notifications/instrumenter.rb:31 [ActiveSupport::Notifications::Instrumenter#instrument]
    C vendor/bundle/gems/activerecord-5.2.3/lib/active_record/connection_adapters/abstract/connection_pool.rb:1058 [ActiveRecord::ConnectionAdapters::ConnectionHandler#owner_to_pool]
      C vendor/bundle/gems/concurrent-ruby-1.1.5/lib/concurrent/map.rb:132 [Concurrent::Map#[]]
        C vendor/bundle/gems/concurrent-ruby-1.1.5/lib/concurrent/collection/map/non_concurrent_map_backend.rb:19 [Concurrent::Map#[]]
        R vendor/bundle/gems/concurrent-ruby-1.1.5/lib/concurrent/collection/map/non_concurrent_map_backend.rb:21 [Concurrent::Map#[]]
      R vendor/bundle/gems/concurrent-ruby-1.1.5/lib/concurrent/map.rb:144 [Concurrent::Map#[]]
    R vendor/bundle/gems/activerecord-5.2.3/lib/active_record/connection_adapters/abstract/connection_pool.rb:1060 [ActiveRecord::ConnectionAdapters::ConnectionHandler#owner_to_pool]
    C vendor/bundle/gems/concurrent-ruby-1.1.5/lib/concurrent/map.rb:132 [Concurrent::Map#[]]
      C vendor/bundle/gems/concurrent-ruby-1.1.5/lib/concurrent/collection/map/non_concurrent_map_backend.rb:19 [Concurrent::Map#[]]
      R vendor/bundle/gems/concurrent-ruby-1.1.5/lib/concurrent/collection/map/non_concurrent_map_backend.rb:21 [Concurrent::Map#[]]
    R vendor/bundle/gems/concurrent-ruby-1.1.5/lib/concurrent/map.rb:144 [Concurrent::Map#[]]
  R vendor/bundle/gems/activerecord-5.2.3/lib/active_record/connection_adapters/abstract/connection_pool.rb:974 [ActiveRecord::ConnectionAdapters::ConnectionHandler#establish_connection]
R vendor/bundle/gems/activerecord-5.2.3/lib/active_record/connection_handling.rb:61 [ActiveRecord::ConnectionHandling.establish_connection]

Result: #<ActiveRecord::ConnectionAdapters::ConnectionPool:0x00007fb6b78a3930>
